98.10.09 14:19 B c:\WINNT\Profiles\jamesw\Personal\katmandu\hebrew\hebgifs\dalet.gif --> infoshare1 /infoweb/cat_man/katmandu/hebrew/hebgifs dalet.gif
98.10.09 15:04 B c:\WINNT\Profiles\jamesw\Personal\katmandu\hebrew\hebgifs\a1.gif --> infoshare1 /infoweb/cat_man/katmandu/hebrew/hebgifs a1.gif
98.10.09 15:04 B c:\WINNT\Profiles\jamesw\Personal\katmandu\hebrew\hebgifs\a10.gif --> infoshare1 /infoweb/cat_man/katmandu/hebrew/hebgifs a10.gif
98.10.09 15:04 B c:\WINNT\Profiles\jamesw\Personal\katmandu\hebrew\hebgifs\a11.gif --> infoshare1 /infoweb/cat_man/katmandu/hebrew/hebgifs a11.gif
98.10.09 15:04 B c:\WINNT\Profiles\jamesw\Personal\katmandu\hebrew\hebgifs\a12.gif --> infoshare1 /infoweb/cat_man/katmandu/hebrew/hebgifs a12.gif
98.10.09 15:04 B c:\WINNT\Profiles\jamesw\Personal\katmandu\hebrew\hebgifs\a13.gif --> infoshare1 /infoweb/cat_man/katmandu/hebrew/hebgifs a13.gif
98.10.09 15:04 B c:\WINNT\Profiles\jamesw\Personal\katmandu\hebrew\hebgifs\a2.gif --> infoshare1 /infoweb/cat_man/katmandu/hebrew/hebgifs a2.gif
98.10.09 15:04 B c:\WINNT\Profiles\jamesw\Personal\katmandu\hebrew\hebgifs\a3.gif --> infoshare1 /infoweb/cat_man/katmandu/hebrew/hebgifs a3.gif
98.10.09 15:04 B c:\WINNT\Profiles\jamesw\Personal\katmandu\hebrew\hebgifs\a4.gif --> infoshare1 /infoweb/cat_man/katmandu/hebrew/hebgifs a4.gif
98.10.09 15:04 B c:\WINNT\Profiles\jamesw\Personal\katmandu\hebrew\hebgifs\a5.gif --> infoshare1 /infoweb/cat_man/katmandu/hebrew/hebgifs a5.gif
98.10.09 15:04 B c:\WINNT\Profiles\jamesw\Personal\katmandu\hebrew\hebgifs\a5a.gif --> infoshare1 /infoweb/cat_man/katmandu/hebrew/hebgifs a5a.gif
98.10.09 15:04 B c:\WINNT\Profiles\jamesw\Personal\katmandu\hebrew\hebgifs\a6.gif --> infoshare1 /infoweb/cat_man/katmandu/hebrew/hebgifs a6.gif
98.10.09 15:04 B c:\WINNT\Profiles\jamesw\Personal\katmandu\hebrew\hebgifs\a7.gif --> infoshare1 /infoweb/cat_man/katmandu/hebrew/hebgifs a7.gif
98.10.09 15:04 B c:\WINNT\Profiles\jamesw\Personal\katmandu\hebrew\hebgifs\a8.gif --> infoshare1 /infoweb/cat_man/katmandu/hebrew/hebgifs a8.gif
98.10.09 15:04 B c:\WINNT\Profiles\jamesw\Personal\katmandu\hebrew\hebgifs\a8a.gif --> infoshare1 /infoweb/cat_man/katmandu/hebrew/hebgifs a8a.gif
98.10.09 15:04 B c:\WINNT\Profiles\jamesw\Personal\katmandu\hebrew\hebgifs\a9.gif --> infoshare1 /infoweb/cat_man/katmandu/hebrew/hebgifs a9.gif
98.10.09 15:04 B c:\WINNT\Profiles\jamesw\Personal\katmandu\hebrew\hebgifs\acap.gif --> infoshare1 /infoweb/cat_man/katmandu/hebrew/hebgifs acap.gif
98.10.09 15:04 B c:\WINNT\Profiles\jamesw\Personal\katmandu\hebrew\hebgifs\ain1.gif --> infoshare1 /infoweb/cat_man/katmandu/hebrew/hebgifs ain1.gif
98.10.09 15:04 B c:\WINNT\Profiles\jamesw\Personal\katmandu\hebrew\hebgifs\ain10.gif --> infoshare1 /infoweb/cat_man/katmandu/hebrew/hebgifs ain10.gif
98.10.09 15:04 B c:\WINNT\Profiles\jamesw\Personal\katmandu\hebrew\hebgifs\ain11.gif --> infoshare1 /infoweb/cat_man/katmandu/hebrew/hebgifs ain11.gif
98.10.09 15:04 B c:\WINNT\Profiles\jamesw\Personal\katmandu\hebrew\hebgifs\ain2.gif --> infoshare1 /infoweb/cat_man/katmandu/hebrew/hebgifs ain2.gif
98.10.09 15:04 B c:\WINNT\Profiles\jamesw\Personal\katmandu\hebrew\hebgifs\ain2a.gif --> infoshare1 /infoweb/cat_man/katmandu/hebrew/hebgifs ain2a.gif
98.10.09 15:05 B c:\WINNT\Profiles\jamesw\Personal\katmandu\hebrew\hebgifs\ain3.gif --> infoshare1 /infoweb/cat_man/katmandu/hebrew/hebgifs ain3.gif
98.10.09 15:05 B c:\WINNT\Profiles\jamesw\Personal\katmandu\hebrew\hebgifs\ain4.gif --> infoshare1 /infoweb/cat_man/katmandu/hebrew/hebgifs ain4.gif
98.10.09 15:05 B c:\WINNT\Profiles\jamesw\Personal\katmandu\hebrew\hebgifs\ain5.gif --> infoshare1 /infoweb/cat_man/katmandu/hebrew/hebgifs ain5.gif
98.10.09 15:05 B c:\WINNT\Profiles\jamesw\Personal\katmandu\hebrew\hebgifs\ain6.gif --> infoshare1 /infoweb/cat_man/katmandu/hebrew/hebgifs ain6.gif
98.10.09 15:05 B c:\WINNT\Profiles\jamesw\Personal\katmandu\hebrew\hebgifs\ain7.gif --> infoshare1 /infoweb/cat_man/katmandu/hebrew/hebgifs ain7.gif
98.10.09 15:05 B c:\WINNT\Profiles\jamesw\Personal\katmandu\hebrew\hebgifs\ain8.gif --> infoshare1 /infoweb/cat_man/katmandu/hebrew/hebgifs ain8.gif
98.10.09 15:05 B c:\WINNT\Profiles\jamesw\Personal\katmandu\hebrew\hebgifs\ain9.gif --> infoshare1 /infoweb/cat_man/katmandu/hebrew/hebgifs ain9.gif
98.10.09 15:05 B c:\WINNT\Profiles\jamesw\Personal\katmandu\hebrew\hebgifs\aincap.gif --> infoshare1 /infoweb/cat_man/katmandu/hebrew/hebgifs aincap.gif
98.10.09 15:05 B c:\WINNT\Profiles\jamesw\Personal\katmandu\hebrew\hebgifs\alef.gif --> infoshare1 /infoweb/cat_man/katmandu/hebrew/hebgifs alef.gif
98.10.09 15:05 B c:\WINNT\Profiles\jamesw\Personal\katmandu\hebrew\hebgifs\alif.gif --> infoshare1 /infoweb/cat_man/katmandu/hebrew/hebgifs alif.gif
98.10.09 15:05 B c:\WINNT\Profiles\jamesw\Personal\katmandu\hebrew\hebgifs\alpha.gif --> infoshare1 /infoweb/cat_man/katmandu/hebrew/hebgifs alpha.gif
98.10.09 15:05 B c:\WINNT\Profiles\jamesw\Personal\katmandu\hebrew\hebgifs\alphabet.gif --> infoshare1 /infoweb/cat_man/katmandu/hebrew/hebgifs alphabet.gif
98.10.09 15:05 B c:\WINNT\Profiles\jamesw\Personal\katmandu\hebrew\hebgifs\apostrop.gif --> infoshare1 /infoweb/cat_man/katmandu/hebrew/hebgifs apostrop.gif
98.10.09 15:05 B c:\WINNT\Profiles\jamesw\Personal\katmandu\hebrew\hebgifs\ayin.gif --> infoshare1 /infoweb/cat_man/katmandu/hebrew/hebgifs ayin.gif
98.10.09 15:05 B c:\WINNT\Profiles\jamesw\Personal\katmandu\hebrew\hebgifs\ayinh.gif --> infoshare1 /infoweb/cat_man/katmandu/hebrew/hebgifs ayinh.gif
98.10.09 15:05 B c:\WINNT\Profiles\jamesw\Personal\katmandu\hebrew\hebgifs\ayinheb.gif --> infoshare1 /infoweb/cat_man/katmandu/hebrew/hebgifs ayinheb.gif
98.10.09 15:05 B c:\WINNT\Profiles\jamesw\Personal\katmandu\hebrew\hebgifs\b1.gif --> infoshare1 /infoweb/cat_man/katmandu/hebrew/hebgifs b1.gif
98.10.09 15:05 B c:\WINNT\Profiles\jamesw\Personal\katmandu\hebrew\hebgifs\b10.gif --> infoshare1 /infoweb/cat_man/katmandu/hebrew/hebgifs b10.gif
98.10.09 15:05 B c:\WINNT\Profiles\jamesw\Personal\katmandu\hebrew\hebgifs\b11.gif --> infoshare1 /infoweb/cat_man/katmandu/hebrew/hebgifs b11.gif
98.10.09 15:05 B c:\WINNT\Profiles\jamesw\Personal\katmandu\hebrew\hebgifs\b12.gif --> infoshare1 /infoweb/cat_man/katmandu/hebrew/hebgifs b12.gif
98.10.09 15:05 B c:\WINNT\Profiles\jamesw\Personal\katmandu\hebrew\hebgifs\b13.gif --> infoshare1 /infoweb/cat_man/katmandu/hebrew/hebgifs b13.gif
98.10.09 15:05 B c:\WINNT\Profiles\jamesw\Personal\katmandu\hebrew\hebgifs\b14.gif --> infoshare1 /infoweb/cat_man/katmandu/hebrew/hebgifs b14.gif
98.10.09 15:05 B c:\WINNT\Profiles\jamesw\Personal\katmandu\hebrew\hebgifs\b15.gif --> infoshare1 /infoweb/cat_man/katmandu/hebrew/hebgifs b15.gif
98.10.09 15:05 B c:\WINNT\Profiles\jamesw\Personal\katmandu\hebrew\hebgifs\b16.gif --> infoshare1 /infoweb/cat_man/katmandu/hebrew/hebgifs b16.gif
98.10.09 15:05 B c:\WINNT\Profiles\jamesw\Personal\katmandu\hebrew\hebgifs\b17.gif --> infoshare1 /infoweb/cat_man/katmandu/hebrew/hebgifs b17.gif
98.10.09 15:05 B c:\WINNT\Profiles\jamesw\Personal\katmandu\hebrew\hebgifs\b18.gif --> infoshare1 /infoweb/cat_man/katmandu/hebrew/hebgifs b18.gif
98.10.09 15:05 B c:\WINNT\Profiles\jamesw\Personal\katmandu\hebrew\hebgifs\b19.gif --> infoshare1 /infoweb/cat_man/katmandu/hebrew/hebgifs b19.gif
98.10.09 15:05 B c:\WINNT\Profiles\jamesw\Personal\katmandu\hebrew\hebgifs\b1a.gif --> infoshare1 /infoweb/cat_man/katmandu/hebrew/hebgifs b1a.gif
98.10.09 15:05 B c:\WINNT\Profiles\jamesw\Personal\katmandu\hebrew\hebgifs\b2.gif --> infoshare1 /infoweb/cat_man/katmandu/hebrew/hebgifs b2.gif
98.10.09 15:05 B c:\WINNT\Profiles\jamesw\Personal\katmandu\hebrew\hebgifs\b20.gif --> infoshare1 /infoweb/cat_man/katmandu/hebrew/hebgifs b20.gif
98.10.09 15:05 B c:\WINNT\Profiles\jamesw\Personal\katmandu\hebrew\hebgifs\b21.gif --> infoshare1 /infoweb/cat_man/katmandu/hebrew/hebgifs b21.gif
98.10.09 15:05 B c:\WINNT\Profiles\jamesw\Personal\katmandu\hebrew\hebgifs\b22.gif --> infoshare1 /infoweb/cat_man/katmandu/hebrew/hebgifs b22.gif
98.10.09 15:05 B c:\WINNT\Profiles\jamesw\Personal\katmandu\hebrew\hebgifs\b23.gif --> infoshare1 /infoweb/cat_man/katmandu/hebrew/hebgifs b23.gif
98.10.09 15:05 B c:\WINNT\Profiles\jamesw\Personal\katmandu\hebrew\hebgifs\b24.gif --> infoshare1 /infoweb/cat_man/katmandu/hebrew/hebgifs b24.gif
98.10.09 15:05 B c:\WINNT\Profiles\jamesw\Personal\katmandu\hebrew\hebgifs\b24a.gif --> infoshare1 /infoweb/cat_man/katmandu/hebrew/hebgifs b24a.gif
98.10.09 15:05 B c:\WINNT\Profiles\jamesw\Personal\katmandu\hebrew\hebgifs\b25.gif --> infoshare1 /infoweb/cat_man/katmandu/hebrew/hebgifs b25.gif
98.10.09 15:05 B c:\WINNT\Profiles\jamesw\Personal\katmandu\hebrew\hebgifs\b26.gif --> infoshare1 /infoweb/cat_man/katmandu/hebrew/hebgifs b26.gif
98.10.09 15:05 B c:\WINNT\Profiles\jamesw\Personal\katmandu\hebrew\hebgifs\b27.gif --> infoshare1 /infoweb/cat_man/katmandu/hebrew/hebgifs b27.gif
98.10.09 15:05 B c:\WINNT\Profiles\jamesw\Personal\katmandu\hebrew\hebgifs\b28.gif --> infoshare1 /infoweb/cat_man/katmandu/hebrew/hebgifs b28.gif
98.10.09 15:05 B c:\WINNT\Profiles\jamesw\Personal\katmandu\hebrew\hebgifs\b29.gif --> infoshare1 /infoweb/cat_man/katmandu/hebrew/hebgifs b29.gif
98.10.09 15:05 B c:\WINNT\Profiles\jamesw\Personal\katmandu\hebrew\hebgifs\b3.gif --> infoshare1 /infoweb/cat_man/katmandu/hebrew/hebgifs b3.gif
98.10.09 15:05 B c:\WINNT\Profiles\jamesw\Personal\katmandu\hebrew\hebgifs\b30.gif --> infoshare1 /infoweb/cat_man/katmandu/hebrew/hebgifs b30.gif
98.10.09 15:05 B c:\WINNT\Profiles\jamesw\Personal\katmandu\hebrew\hebgifs\b31.gif --> infoshare1 /infoweb/cat_man/katmandu/hebrew/hebgifs b31.gif
98.10.09 15:05 B c:\WINNT\Profiles\jamesw\Personal\katmandu\hebrew\hebgifs\b3a.gif --> infoshare1 /infoweb/cat_man/katmandu/hebrew/hebgifs b3a.gif
98.10.09 15:05 B c:\WINNT\Profiles\jamesw\Personal\katmandu\hebrew\hebgifs\b4.gif --> infoshare1 /infoweb/cat_man/katmandu/hebrew/hebgifs b4.gif
98.10.09 15:05 B c:\WINNT\Profiles\jamesw\Personal\katmandu\hebrew\hebgifs\b5.gif --> infoshare1 /infoweb/cat_man/katmandu/hebrew/hebgifs b5.gif
98.10.09 15:05 B c:\WINNT\Profiles\jamesw\Personal\katmandu\hebrew\hebgifs\b5a.gif --> infoshare1 /infoweb/cat_man/katmandu/hebrew/hebgifs b5a.gif
98.10.09 15:05 B c:\WINNT\Profiles\jamesw\Personal\katmandu\hebrew\hebgifs\b6.gif --> infoshare1 /infoweb/cat_man/katmandu/hebrew/hebgifs b6.gif
98.10.09 15:05 B c:\WINNT\Profiles\jamesw\Personal\katmandu\hebrew\hebgifs\b7.gif --> infoshare1 /infoweb/cat_man/katmandu/hebrew/hebgifs b7.gif
98.10.09 15:05 B c:\WINNT\Profiles\jamesw\Personal\katmandu\hebrew\hebgifs\b8.gif --> infoshare1 /infoweb/cat_man/katmandu/hebrew/hebgifs b8.gif
98.10.09 15:05 B c:\WINNT\Profiles\jamesw\Personal\katmandu\hebrew\hebgifs\b8a.gif --> infoshare1 /infoweb/cat_man/katmandu/hebrew/hebgifs b8a.gif
98.10.09 15:05 B c:\WINNT\Profiles\jamesw\Personal\katmandu\hebrew\hebgifs\b9.gif --> infoshare1 /infoweb/cat_man/katmandu/hebrew/hebgifs b9.gif
98.10.09 15:05 B c:\WINNT\Profiles\jamesw\Personal\katmandu\hebrew\hebgifs\bcap.gif --> infoshare1 /infoweb/cat_man/katmandu/hebrew/hebgifs bcap.gif
98.10.09 15:05 B c:\WINNT\Profiles\jamesw\Personal\katmandu\hebrew\hebgifs\bet.gif --> infoshare1 /infoweb/cat_man/katmandu/hebrew/hebgifs bet.gif
98.10.09 15:05 B c:\WINNT\Profiles\jamesw\Personal\katmandu\hebrew\hebgifs\ch1.gif --> infoshare1 /infoweb/cat_man/katmandu/hebrew/hebgifs ch1.gif
98.10.09 15:05 B c:\WINNT\Profiles\jamesw\Personal\katmandu\hebrew\hebgifs\ch10.gif --> infoshare1 /infoweb/cat_man/katmandu/hebrew/hebgifs ch10.gif
98.10.09 15:05 B c:\WINNT\Profiles\jamesw\Personal\katmandu\hebrew\hebgifs\ch2.gif --> infoshare1 /infoweb/cat_man/katmandu/hebrew/hebgifs ch2.gif
98.10.09 15:05 B c:\WINNT\Profiles\jamesw\Personal\katmandu\hebrew\hebgifs\ch3.gif --> infoshare1 /infoweb/cat_man/katmandu/hebrew/hebgifs ch3.gif
98.10.09 15:05 B c:\WINNT\Profiles\jamesw\Personal\katmandu\hebrew\hebgifs\ch4.gif --> infoshare1 /infoweb/cat_man/katmandu/hebrew/hebgifs ch4.gif
98.10.09 15:05 B c:\WINNT\Profiles\jamesw\Personal\katmandu\hebrew\hebgifs\ch5.gif --> infoshare1 /infoweb/cat_man/katmandu/hebrew/hebgifs ch5.gif
98.10.09 15:05 B c:\WINNT\Profiles\jamesw\Personal\katmandu\hebrew\hebgifs\ch6.gif --> infoshare1 /infoweb/cat_man/katmandu/hebrew/hebgifs ch6.gif
98.10.09 15:05 B c:\WINNT\Profiles\jamesw\Personal\katmandu\hebrew\hebgifs\ch7.gif --> infoshare1 /infoweb/cat_man/katmandu/hebrew/hebgifs ch7.gif
98.10.09 15:05 B c:\WINNT\Profiles\jamesw\Personal\katmandu\hebrew\hebgifs\ch8.gif --> infoshare1 /infoweb/cat_man/katmandu/hebrew/hebgifs ch8.gif
98.10.09 15:05 B c:\WINNT\Profiles\jamesw\Personal\katmandu\hebrew\hebgifs\ch9.gif --> infoshare1 /infoweb/cat_man/katmandu/hebrew/hebgifs ch9.gif
98.10.09 15:05 B c:\WINNT\Profiles\jamesw\Personal\katmandu\hebrew\hebgifs\chcap.gif --> infoshare1 /infoweb/cat_man/katmandu/hebrew/hebgifs chcap.gif
98.10.09 15:05 B c:\WINNT\Profiles\jamesw\Personal\katmandu\hebrew\hebgifs\d1.gif --> infoshare1 /infoweb/cat_man/katmandu/hebrew/hebgifs d1.gif
98.10.09 15:05 B c:\WINNT\Profiles\jamesw\Personal\katmandu\hebrew\hebgifs\d2.gif --> infoshare1 /infoweb/cat_man/katmandu/hebrew/hebgifs d2.gif
98.10.09 15:05 B c:\WINNT\Profiles\jamesw\Personal\katmandu\hebrew\hebgifs\d3.gif --> infoshare1 /infoweb/cat_man/katmandu/hebrew/hebgifs d3.gif
98.10.09 15:05 B c:\WINNT\Profiles\jamesw\Personal\katmandu\hebrew\hebgifs\d4.gif --> infoshare1 /infoweb/cat_man/katmandu/hebrew/hebgifs d4.gif
98.10.09 15:05 B c:\WINNT\Profiles\jamesw\Personal\katmandu\hebrew\hebgifs\d5.gif --> infoshare1 /infoweb/cat_man/katmandu/hebrew/hebgifs d5.gif
98.10.09 15:05 B c:\WINNT\Profiles\jamesw\Personal\katmandu\hebrew\hebgifs\d6.gif --> infoshare1 /infoweb/cat_man/katmandu/hebrew/hebgifs d6.gif
98.10.09 15:05 B c:\WINNT\Profiles\jamesw\Personal\katmandu\hebrew\hebgifs\dalet.gif --> infoshare1 /infoweb/cat_man/katmandu/hebrew/hebgifs dalet.gif
98.10.09 15:05 B c:\WINNT\Profiles\jamesw\Personal\katmandu\hebrew\hebgifs\dcap.gif --> infoshare1 /infoweb/cat_man/katmandu/hebrew/hebgifs dcap.gif
98.10.09 15:05 B c:\WINNT\Profiles\jamesw\Personal\katmandu\hebrew\hebgifs\feh.gif --> infoshare1 /infoweb/cat_man/katmandu/hebrew/hebgifs feh.gif
98.10.09 15:05 B c:\WINNT\Profiles\jamesw\Personal\katmandu\hebrew\hebgifs\fehf.gif --> infoshare1 /infoweb/cat_man/katmandu/hebrew/hebgifs fehf.gif
98.10.09 15:05 B c:\WINNT\Profiles\jamesw\Personal\katmandu\hebrew\hebgifs\g1.gif --> infoshare1 /infoweb/cat_man/katmandu/hebrew/hebgifs g1.gif
98.10.09 15:05 B c:\WINNT\Profiles\jamesw\Personal\katmandu\hebrew\hebgifs\g2.gif --> infoshare1 /infoweb/cat_man/katmandu/hebrew/hebgifs g2.gif
98.10.09 15:05 B c:\WINNT\Profiles\jamesw\Personal\katmandu\hebrew\hebgifs\g3.gif --> infoshare1 /infoweb/cat_man/katmandu/hebrew/hebgifs g3.gif
98.10.09 15:05 B c:\WINNT\Profiles\jamesw\Personal\katmandu\hebrew\hebgifs\g4.gif --> infoshare1 /infoweb/cat_man/katmandu/hebrew/hebgifs g4.gif
98.10.09 15:05 B c:\WINNT\Profiles\jamesw\Personal\katmandu\hebrew\hebgifs\gcap.gif --> infoshare1 /infoweb/cat_man/katmandu/hebrew/hebgifs gcap.gif
98.10.09 15:05 B c:\WINNT\Profiles\jamesw\Personal\katmandu\hebrew\hebgifs\geresh.gif --> infoshare1 /infoweb/cat_man/katmandu/hebrew/hebgifs geresh.gif
98.10.09 15:05 B c:\WINNT\Profiles\jamesw\Personal\katmandu\hebrew\hebgifs\gimel.gif --> infoshare1 /infoweb/cat_man/katmandu/hebrew/hebgifs gimel.gif
98.10.09 15:05 B c:\WINNT\Profiles\jamesw\Personal\katmandu\hebrew\hebgifs\h1.gif --> infoshare1 /infoweb/cat_man/katmandu/hebrew/hebgifs h1.gif
98.10.09 15:05 B c:\WINNT\Profiles\jamesw\Personal\katmandu\hebrew\hebgifs\h10.gif --> infoshare1 /infoweb/cat_man/katmandu/hebrew/hebgifs h10.gif
98.10.09 15:05 B c:\WINNT\Profiles\jamesw\Personal\katmandu\hebrew\hebgifs\h11.gif --> infoshare1 /infoweb/cat_man/katmandu/hebrew/hebgifs h11.gif
98.10.09 15:05 B c:\WINNT\Profiles\jamesw\Personal\katmandu\hebrew\hebgifs\h12.gif --> infoshare1 /infoweb/cat_man/katmandu/hebrew/hebgifs h12.gif
98.10.09 15:05 B c:\WINNT\Profiles\jamesw\Personal\katmandu\hebrew\hebgifs\h13.gif --> infoshare1 /infoweb/cat_man/katmandu/hebrew/hebgifs h13.gif
98.10.09 15:05 B c:\WINNT\Profiles\jamesw\Personal\katmandu\hebrew\hebgifs\h14.gif --> infoshare1 /infoweb/cat_man/katmandu/hebrew/hebgifs h14.gif
98.10.09 15:05 B c:\WINNT\Profiles\jamesw\Personal\katmandu\hebrew\hebgifs\h15.gif --> infoshare1 /infoweb/cat_man/katmandu/hebrew/hebgifs h15.gif
98.10.09 15:05 B c:\WINNT\Profiles\jamesw\Personal\katmandu\hebrew\hebgifs\h16.gif --> infoshare1 /infoweb/cat_man/katmandu/hebrew/hebgifs h16.gif
98.10.09 15:05 B c:\WINNT\Profiles\jamesw\Personal\katmandu\hebrew\hebgifs\h16a.gif --> infoshare1 /infoweb/cat_man/katmandu/hebrew/hebgifs h16a.gif
98.10.09 15:05 B c:\WINNT\Profiles\jamesw\Personal\katmandu\hebrew\hebgifs\h17.gif --> infoshare1 /infoweb/cat_man/katmandu/hebrew/hebgifs h17.gif
98.10.09 15:05 B c:\WINNT\Profiles\jamesw\Personal\katmandu\hebrew\hebgifs\h18.gif --> infoshare1 /infoweb/cat_man/katmandu/hebrew/hebgifs h18.gif
98.10.09 15:05 B c:\WINNT\Profiles\jamesw\Personal\katmandu\hebrew\hebgifs\h19.gif --> infoshare1 /infoweb/cat_man/katmandu/hebrew/hebgifs h19.gif
98.10.09 15:05 B c:\WINNT\Profiles\jamesw\Personal\katmandu\hebrew\hebgifs\h2.gif --> infoshare1 /infoweb/cat_man/katmandu/hebrew/hebgifs h2.gif
98.10.09 15:05 B c:\WINNT\Profiles\jamesw\Personal\katmandu\hebrew\hebgifs\h20.gif --> infoshare1 /infoweb/cat_man/katmandu/hebrew/hebgifs h20.gif
98.10.09 15:05 B c:\WINNT\Profiles\jamesw\Personal\katmandu\hebrew\hebgifs\h21.gif --> infoshare1 /infoweb/cat_man/katmandu/hebrew/hebgifs h21.gif
98.10.09 15:05 B c:\WINNT\Profiles\jamesw\Personal\katmandu\hebrew\hebgifs\h22.gif --> infoshare1 /infoweb/cat_man/katmandu/hebrew/hebgifs h22.gif
98.10.09 15:05 B c:\WINNT\Profiles\jamesw\Personal\katmandu\hebrew\hebgifs\h23.gif --> infoshare1 /infoweb/cat_man/katmandu/hebrew/hebgifs h23.gif
98.10.09 15:05 B c:\WINNT\Profiles\jamesw\Personal\katmandu\hebrew\hebgifs\h24.gif --> infoshare1 /infoweb/cat_man/katmandu/hebrew/hebgifs h24.gif
98.10.09 15:05 B c:\WINNT\Profiles\jamesw\Personal\katmandu\hebrew\hebgifs\h25.gif --> infoshare1 /infoweb/cat_man/katmandu/hebrew/hebgifs h25.gif
98.10.09 15:05 B c:\WINNT\Profiles\jamesw\Personal\katmandu\hebrew\hebgifs\h3.gif --> infoshare1 /infoweb/cat_man/katmandu/hebrew/hebgifs h3.gif
98.10.09 15:05 B c:\WINNT\Profiles\jamesw\Personal\katmandu\hebrew\hebgifs\h4.gif --> infoshare1 /infoweb/cat_man/katmandu/hebrew/hebgifs h4.gif
98.10.09 15:05 B c:\WINNT\Profiles\jamesw\Personal\katmandu\hebrew\hebgifs\h5.gif --> infoshare1 /infoweb/cat_man/katmandu/hebrew/hebgifs h5.gif
98.10.09 15:05 B c:\WINNT\Profiles\jamesw\Personal\katmandu\hebrew\hebgifs\h6.gif --> infoshare1 /infoweb/cat_man/katmandu/hebrew/hebgifs h6.gif
98.10.09 15:05 B c:\WINNT\Profiles\jamesw\Personal\katmandu\hebrew\hebgifs\h7.gif --> infoshare1 /infoweb/cat_man/katmandu/hebrew/hebgifs h7.gif
98.10.09 15:05 B c:\WINNT\Profiles\jamesw\Personal\katmandu\hebrew\hebgifs\h8.gif --> infoshare1 /infoweb/cat_man/katmandu/hebrew/hebgifs h8.gif
98.10.09 15:05 B c:\WINNT\Profiles\jamesw\Personal\katmandu\hebrew\hebgifs\h9.gif --> infoshare1 /infoweb/cat_man/katmandu/hebrew/hebgifs h9.gif
98.10.09 15:05 B c:\WINNT\Profiles\jamesw\Personal\katmandu\hebrew\hebgifs\hcap.gif --> infoshare1 /infoweb/cat_man/katmandu/hebrew/hebgifs hcap.gif
98.10.09 15:05 B c:\WINNT\Profiles\jamesw\Personal\katmandu\hebrew\hebgifs\hdot.gif --> infoshare1 /infoweb/cat_man/katmandu/hebrew/hebgifs hdot.gif
98.10.09 15:05 B c:\WINNT\Profiles\jamesw\Personal\katmandu\hebrew\hebgifs\hdotc.gif --> infoshare1 /infoweb/cat_man/katmandu/hebrew/hebgifs hdotc.gif
98.10.09 15:05 B c:\WINNT\Profiles\jamesw\Personal\katmandu\hebrew\hebgifs\he.gif --> infoshare1 /infoweb/cat_man/katmandu/hebrew/hebgifs he.gif
98.10.09 15:05 B c:\WINNT\Profiles\jamesw\Personal\katmandu\hebrew\hebgifs\heback.gif --> infoshare1 /infoweb/cat_man/katmandu/hebrew/hebgifs heback.gif
98.10.09 15:05 B c:\WINNT\Profiles\jamesw\Personal\katmandu\hebrew\hebgifs\het.gif --> infoshare1 /infoweb/cat_man/katmandu/hebrew/hebgifs het.gif
98.10.09 15:05 B c:\WINNT\Profiles\jamesw\Personal\katmandu\hebrew\hebgifs\hirik.gif --> infoshare1 /infoweb/cat_man/katmandu/hebrew/hebgifs hirik.gif
98.10.09 15:05 B c:\WINNT\Profiles\jamesw\Personal\katmandu\hebrew\hebgifs\holam.gif --> infoshare1 /infoweb/cat_man/katmandu/hebrew/hebgifs holam.gif
98.10.09 15:05 B c:\WINNT\Profiles\jamesw\Personal\katmandu\hebrew\hebgifs\holam2.gif --> infoshare1 /infoweb/cat_man/katmandu/hebrew/hebgifs holam2.gif
98.10.09 15:05 B c:\WINNT\Profiles\jamesw\Personal\katmandu\hebrew\hebgifs\Image2.gif --> infoshare1 /infoweb/cat_man/katmandu/hebrew/hebgifs Image2.gif
98.10.09 15:05 B c:\WINNT\Profiles\jamesw\Personal\katmandu\hebrew\hebgifs\Image3.gif --> infoshare1 /infoweb/cat_man/katmandu/hebrew/hebgifs Image3.gif
98.10.09 15:05 B c:\WINNT\Profiles\jamesw\Personal\katmandu\hebrew\hebgifs\k1.gif --> infoshare1 /infoweb/cat_man/katmandu/hebrew/hebgifs k1.gif
98.10.09 15:05 B c:\WINNT\Profiles\jamesw\Personal\katmandu\hebrew\hebgifs\k2.gif --> infoshare1 /infoweb/cat_man/katmandu/hebrew/hebgifs k2.gif
98.10.09 15:05 B c:\WINNT\Profiles\jamesw\Personal\katmandu\hebrew\hebgifs\k3.gif --> infoshare1 /infoweb/cat_man/katmandu/hebrew/hebgifs k3.gif
98.10.09 15:05 B c:\WINNT\Profiles\jamesw\Personal\katmandu\hebrew\hebgifs\k4.gif --> infoshare1 /infoweb/cat_man/katmandu/hebrew/hebgifs k4.gif
98.10.09 15:05 B c:\WINNT\Profiles\jamesw\Personal\katmandu\hebrew\hebgifs\k5.gif --> infoshare1 /infoweb/cat_man/katmandu/hebrew/hebgifs k5.gif
98.10.09 15:05 B c:\WINNT\Profiles\jamesw\Personal\katmandu\hebrew\hebgifs\k6.gif --> infoshare1 /infoweb/cat_man/katmandu/hebrew/hebgifs k6.gif
98.10.09 15:05 B c:\WINNT\Profiles\jamesw\Personal\katmandu\hebrew\hebgifs\k7.gif --> infoshare1 /infoweb/cat_man/katmandu/hebrew/hebgifs k7.gif
98.10.09 15:05 B c:\WINNT\Profiles\jamesw\Personal\katmandu\hebrew\hebgifs\kaf.gif --> infoshare1 /infoweb/cat_man/katmandu/hebrew/hebgifs kaf.gif
98.10.09 15:05 B c:\WINNT\Profiles\jamesw\Personal\katmandu\hebrew\hebgifs\kaff.gif --> infoshare1 /infoweb/cat_man/katmandu/hebrew/hebgifs kaff.gif
98.10.09 15:05 B c:\WINNT\Profiles\jamesw\Personal\katmandu\hebrew\hebgifs\kamats.gif --> infoshare1 /infoweb/cat_man/katmandu/hebrew/hebgifs kamats.gif
98.10.09 15:05 B c:\WINNT\Profiles\jamesw\Personal\katmandu\hebrew\hebgifs\kamats2.gif --> infoshare1 /infoweb/cat_man/katmandu/hebrew/hebgifs kamats2.gif
98.10.09 15:05 B c:\WINNT\Profiles\jamesw\Personal\katmandu\hebrew\hebgifs\kcap.gif --> infoshare1 /infoweb/cat_man/katmandu/hebrew/hebgifs kcap.gif
98.10.09 15:05 B c:\WINNT\Profiles\jamesw\Personal\katmandu\hebrew\hebgifs\kdot.gif --> infoshare1 /infoweb/cat_man/katmandu/hebrew/hebgifs kdot.gif
98.10.09 15:05 B c:\WINNT\Profiles\jamesw\Personal\katmandu\hebrew\hebgifs\kdotc.gif --> infoshare1 /infoweb/cat_man/katmandu/hebrew/hebgifs kdotc.gif
98.10.09 15:05 B c:\WINNT\Profiles\jamesw\Personal\katmandu\hebrew\hebgifs\khaf.gif --> infoshare1 /infoweb/cat_man/katmandu/hebrew/hebgifs khaf.gif
98.10.09 15:05 B c:\WINNT\Profiles\jamesw\Personal\katmandu\hebrew\hebgifs\khaff.gif --> infoshare1 /infoweb/cat_man/katmandu/hebrew/hebgifs khaff.gif
98.10.09 15:05 B c:\WINNT\Profiles\jamesw\Personal\katmandu\hebrew\hebgifs\kof.gif --> infoshare1 /infoweb/cat_man/katmandu/hebrew/hebgifs kof.gif
98.10.09 15:05 B c:\WINNT\Profiles\jamesw\Personal\katmandu\hebrew\hebgifs\kubuts.gif --> infoshare1 /infoweb/cat_man/katmandu/hebrew/hebgifs kubuts.gif
98.10.09 15:05 B c:\WINNT\Profiles\jamesw\Personal\katmandu\hebrew\hebgifs\kuf1.gif --> infoshare1 /infoweb/cat_man/katmandu/hebrew/hebgifs kuf1.gif
98.10.09 15:05 B c:\WINNT\Profiles\jamesw\Personal\katmandu\hebrew\hebgifs\kufcap.gif --> infoshare1 /infoweb/cat_man/katmandu/hebrew/hebgifs kufcap.gif
98.10.09 15:05 B c:\WINNT\Profiles\jamesw\Personal\katmandu\hebrew\hebgifs\l1.gif --> infoshare1 /infoweb/cat_man/katmandu/hebrew/hebgifs l1.gif
98.10.09 15:05 B c:\WINNT\Profiles\jamesw\Personal\katmandu\hebrew\hebgifs\l2.gif --> infoshare1 /infoweb/cat_man/katmandu/hebrew/hebgifs l2.gif
98.10.09 15:05 B c:\WINNT\Profiles\jamesw\Personal\katmandu\hebrew\hebgifs\lamed.gif --> infoshare1 /infoweb/cat_man/katmandu/hebrew/hebgifs lamed.gif
98.10.09 15:05 B c:\WINNT\Profiles\jamesw\Personal\katmandu\hebrew\hebgifs\lbrack.gif --> infoshare1 /infoweb/cat_man/katmandu/hebrew/hebgifs lbrack.gif
98.10.09 15:05 B c:\WINNT\Profiles\jamesw\Personal\katmandu\hebrew\hebgifs\lcap.gif --> infoshare1 /infoweb/cat_man/katmandu/hebrew/hebgifs lcap.gif
98.10.09 15:05 B c:\WINNT\Profiles\jamesw\Personal\katmandu\hebrew\hebgifs\lparen.gif --> infoshare1 /infoweb/cat_man/katmandu/hebrew/hebgifs lparen.gif
98.10.09 15:05 B c:\WINNT\Profiles\jamesw\Personal\katmandu\hebrew\hebgifs\m1.gif --> infoshare1 /infoweb/cat_man/katmandu/hebrew/hebgifs m1.gif
98.10.09 15:05 B c:\WINNT\Profiles\jamesw\Personal\katmandu\hebrew\hebgifs\m10.gif --> infoshare1 /infoweb/cat_man/katmandu/hebrew/hebgifs m10.gif
98.10.09 15:05 B c:\WINNT\Profiles\jamesw\Personal\katmandu\hebrew\hebgifs\m11.gif --> infoshare1 /infoweb/cat_man/katmandu/hebrew/hebgifs m11.gif
98.10.09 15:05 B c:\WINNT\Profiles\jamesw\Personal\katmandu\hebrew\hebgifs\m11a.gif --> infoshare1 /infoweb/cat_man/katmandu/hebrew/hebgifs m11a.gif
98.10.09 15:05 B c:\WINNT\Profiles\jamesw\Personal\katmandu\hebrew\hebgifs\m12.gif --> infoshare1 /infoweb/cat_man/katmandu/hebrew/hebgifs m12.gif
98.10.09 15:05 B c:\WINNT\Profiles\jamesw\Personal\katmandu\hebrew\hebgifs\m12a.gif --> infoshare1 /infoweb/cat_man/katmandu/hebrew/hebgifs m12a.gif
98.10.09 15:05 B c:\WINNT\Profiles\jamesw\Personal\katmandu\hebrew\hebgifs\m13.gif --> infoshare1 /infoweb/cat_man/katmandu/hebrew/hebgifs m13.gif
98.10.09 15:05 B c:\WINNT\Profiles\jamesw\Personal\katmandu\hebrew\hebgifs\m14.gif --> infoshare1 /infoweb/cat_man/katmandu/hebrew/hebgifs m14.gif
98.10.09 15:05 B c:\WINNT\Profiles\jamesw\Personal\katmandu\hebrew\hebgifs\m15.gif --> infoshare1 /infoweb/cat_man/katmandu/hebrew/hebgifs m15.gif
98.10.09 15:05 B c:\WINNT\Profiles\jamesw\Personal\katmandu\hebrew\hebgifs\m16.gif --> infoshare1 /infoweb/cat_man/katmandu/hebrew/hebgifs m16.gif
98.10.09 15:05 B c:\WINNT\Profiles\jamesw\Personal\katmandu\hebrew\hebgifs\m2.gif --> infoshare1 /infoweb/cat_man/katmandu/hebrew/hebgifs m2.gif
98.10.09 15:05 B c:\WINNT\Profiles\jamesw\Personal\katmandu\hebrew\hebgifs\m3.gif --> infoshare1 /infoweb/cat_man/katmandu/hebrew/hebgifs m3.gif
98.10.09 15:05 B c:\WINNT\Profiles\jamesw\Personal\katmandu\hebrew\hebgifs\m4.gif --> infoshare1 /infoweb/cat_man/katmandu/hebrew/hebgifs m4.gif
98.10.09 15:05 B c:\WINNT\Profiles\jamesw\Personal\katmandu\hebrew\hebgifs\m5.gif --> infoshare1 /infoweb/cat_man/katmandu/hebrew/hebgifs m5.gif
98.10.09 15:05 B c:\WINNT\Profiles\jamesw\Personal\katmandu\hebrew\hebgifs\m6.gif --> infoshare1 /infoweb/cat_man/katmandu/hebrew/hebgifs m6.gif
98.10.09 15:05 B c:\WINNT\Profiles\jamesw\Personal\katmandu\hebrew\hebgifs\m7.gif --> infoshare1 /infoweb/cat_man/katmandu/hebrew/hebgifs m7.gif
98.10.09 15:05 B c:\WINNT\Profiles\jamesw\Personal\katmandu\hebrew\hebgifs\m8.gif --> infoshare1 /infoweb/cat_man/katmandu/hebrew/hebgifs m8.gif
98.10.09 15:05 B c:\WINNT\Profiles\jamesw\Personal\katmandu\hebrew\hebgifs\m9.gif --> infoshare1 /infoweb/cat_man/katmandu/hebrew/hebgifs m9.gif
98.10.09 15:05 B c:\WINNT\Profiles\jamesw\Personal\katmandu\hebrew\hebgifs\marq1.gif --> infoshare1 /infoweb/cat_man/katmandu/hebrew/hebgifs marq1.gif
98.10.09 15:05 B c:\WINNT\Profiles\jamesw\Personal\katmandu\hebrew\hebgifs\mcap.gif --> infoshare1 /infoweb/cat_man/katmandu/hebrew/hebgifs mcap.gif
98.10.09 15:05 B c:\WINNT\Profiles\jamesw\Personal\katmandu\hebrew\hebgifs\mem.gif --> infoshare1 /infoweb/cat_man/katmandu/hebrew/hebgifs mem.gif
98.10.09 15:05 B c:\WINNT\Profiles\jamesw\Personal\katmandu\hebrew\hebgifs\memf.gif --> infoshare1 /infoweb/cat_man/katmandu/hebrew/hebgifs memf.gif
98.10.09 15:05 B c:\WINNT\Profiles\jamesw\Personal\katmandu\hebrew\hebgifs\n1.gif --> infoshare1 /infoweb/cat_man/katmandu/hebrew/hebgifs n1.gif
98.10.09 15:05 B c:\WINNT\Profiles\jamesw\Personal\katmandu\hebrew\hebgifs\n2.gif --> infoshare1 /infoweb/cat_man/katmandu/hebrew/hebgifs n2.gif
98.10.09 15:05 B c:\WINNT\Profiles\jamesw\Personal\katmandu\hebrew\hebgifs\n3.gif --> infoshare1 /infoweb/cat_man/katmandu/hebrew/hebgifs n3.gif
98.10.09 15:05 B c:\WINNT\Profiles\jamesw\Personal\katmandu\hebrew\hebgifs\n4.gif --> infoshare1 /infoweb/cat_man/katmandu/hebrew/hebgifs n4.gif
98.10.09 15:05 B c:\WINNT\Profiles\jamesw\Personal\katmandu\hebrew\hebgifs\n5.gif --> infoshare1 /infoweb/cat_man/katmandu/hebrew/hebgifs n5.gif
98.10.09 15:05 B c:\WINNT\Profiles\jamesw\Personal\katmandu\hebrew\hebgifs\n6.gif --> infoshare1 /infoweb/cat_man/katmandu/hebrew/hebgifs n6.gif
98.10.09 15:05 B c:\WINNT\Profiles\jamesw\Personal\katmandu\hebrew\hebgifs\n7.gif --> infoshare1 /infoweb/cat_man/katmandu/hebrew/hebgifs n7.gif
98.10.09 15:05 B c:\WINNT\Profiles\jamesw\Personal\katmandu\hebrew\hebgifs\n8.gif --> infoshare1 /infoweb/cat_man/katmandu/hebrew/hebgifs n8.gif
98.10.09 15:05 B c:\WINNT\Profiles\jamesw\Personal\katmandu\hebrew\hebgifs\n9.gif --> infoshare1 /infoweb/cat_man/katmandu/hebrew/hebgifs n9.gif
98.10.09 15:05 B c:\WINNT\Profiles\jamesw\Personal\katmandu\hebrew\hebgifs\ncap.gif --> infoshare1 /infoweb/cat_man/katmandu/hebrew/hebgifs ncap.gif
98.10.09 15:05 B c:\WINNT\Profiles\jamesw\Personal\katmandu\hebrew\hebgifs\nun.gif --> infoshare1 /infoweb/cat_man/katmandu/hebrew/hebgifs nun.gif
98.10.09 15:05 B c:\WINNT\Profiles\jamesw\Personal\katmandu\hebrew\hebgifs\nunf.gif --> infoshare1 /infoweb/cat_man/katmandu/hebrew/hebgifs nunf.gif
98.10.09 15:05 B c:\WINNT\Profiles\jamesw\Personal\katmandu\hebrew\hebgifs\p1.gif --> infoshare1 /infoweb/cat_man/katmandu/hebrew/hebgifs p1.gif
98.10.09 15:05 B c:\WINNT\Profiles\jamesw\Personal\katmandu\hebrew\hebgifs\p2.gif --> infoshare1 /infoweb/cat_man/katmandu/hebrew/hebgifs p2.gif
98.10.09 15:05 B c:\WINNT\Profiles\jamesw\Personal\katmandu\hebrew\hebgifs\p3.gif --> infoshare1 /infoweb/cat_man/katmandu/hebrew/hebgifs p3.gif
98.10.09 15:05 B c:\WINNT\Profiles\jamesw\Personal\katmandu\hebrew\hebgifs\p4.gif --> infoshare1 /infoweb/cat_man/katmandu/hebrew/hebgifs p4.gif
98.10.09 15:05 B c:\WINNT\Profiles\jamesw\Personal\katmandu\hebrew\hebgifs\paper.jpg --> infoshare1 /infoweb/cat_man/katmandu/hebrew/hebgifs paper.jpg
98.10.09 15:05 B c:\WINNT\Profiles\jamesw\Personal\katmandu\hebrew\hebgifs\parchment1.gif --> infoshare1 /infoweb/cat_man/katmandu/hebrew/hebgifs parchment1.gif
98.10.09 15:05 B c:\WINNT\Profiles\jamesw\Personal\katmandu\hebrew\hebgifs\patah.gif --> infoshare1 /infoweb/cat_man/katmandu/hebrew/hebgifs patah.gif
98.10.09 15:05 B c:\WINNT\Profiles\jamesw\Personal\katmandu\hebrew\hebgifs\patah2.gif --> infoshare1 /infoweb/cat_man/katmandu/hebrew/hebgifs patah2.gif
98.10.09 15:05 B c:\WINNT\Profiles\jamesw\Personal\katmandu\hebrew\hebgifs\pcap.gif --> infoshare1 /infoweb/cat_man/katmandu/hebrew/hebgifs pcap.gif
98.10.09 15:05 B c:\WINNT\Profiles\jamesw\Personal\katmandu\hebrew\hebgifs\peh.gif --> infoshare1 /infoweb/cat_man/katmandu/hebrew/hebgifs peh.gif
98.10.09 15:05 B c:\WINNT\Profiles\jamesw\Personal\katmandu\hebrew\hebgifs\pehf.gif --> infoshare1 /infoweb/cat_man/katmandu/hebrew/hebgifs pehf.gif
98.10.09 15:05 B c:\WINNT\Profiles\jamesw\Personal\katmandu\hebrew\hebgifs\perach.gif --> infoshare1 /infoweb/cat_man/katmandu/hebrew/hebgifs perach.gif
98.10.09 15:05 B c:\WINNT\Profiles\jamesw\Personal\katmandu\hebrew\hebgifs\perak1.gif --> infoshare1 /infoweb/cat_man/katmandu/hebrew/hebgifs perak1.gif
98.10.09 15:05 B c:\WINNT\Profiles\jamesw\Personal\katmandu\hebrew\hebgifs\perak2.gif --> infoshare1 /infoweb/cat_man/katmandu/hebrew/hebgifs perak2.gif
98.10.09 15:05 B c:\WINNT\Profiles\jamesw\Personal\katmandu\hebrew\hebgifs\perakb1.gif --> infoshare1 /infoweb/cat_man/katmandu/hebrew/hebgifs perakb1.gif
98.10.09 15:05 B c:\WINNT\Profiles\jamesw\Personal\katmandu\hebrew\hebgifs\perakb2.gif --> infoshare1 /infoweb/cat_man/katmandu/hebrew/hebgifs perakb2.gif
98.10.09 15:05 B c:\WINNT\Profiles\jamesw\Personal\katmandu\hebrew\hebgifs\perakd.gif --> infoshare1 /infoweb/cat_man/katmandu/hebrew/hebgifs perakd.gif
98.10.09 15:05 B c:\WINNT\Profiles\jamesw\Personal\katmandu\hebrew\hebgifs\perakg.gif --> infoshare1 /infoweb/cat_man/katmandu/hebrew/hebgifs perakg.gif
98.10.09 15:05 B c:\WINNT\Profiles\jamesw\Personal\katmandu\hebrew\hebgifs\perakh1.gif --> infoshare1 /infoweb/cat_man/katmandu/hebrew/hebgifs perakh1.gif
98.10.09 15:05 B c:\WINNT\Profiles\jamesw\Personal\katmandu\hebrew\hebgifs\perakh2.gif --> infoshare1 /infoweb/cat_man/katmandu/hebrew/hebgifs perakh2.gif
98.10.09 15:05 B c:\WINNT\Profiles\jamesw\Personal\katmandu\hebrew\hebgifs\perakk1.gif --> infoshare1 /infoweb/cat_man/katmandu/hebrew/hebgifs perakk1.gif
98.10.09 15:05 B c:\WINNT\Profiles\jamesw\Personal\katmandu\hebrew\hebgifs\perakk2.gif --> infoshare1 /infoweb/cat_man/katmandu/hebrew/hebgifs perakk2.gif
98.10.09 15:05 B c:\WINNT\Profiles\jamesw\Personal\katmandu\hebrew\hebgifs\perakr.gif --> infoshare1 /infoweb/cat_man/katmandu/hebrew/hebgifs perakr.gif
98.10.09 15:05 B c:\WINNT\Profiles\jamesw\Personal\katmandu\hebrew\hebgifs\peraksh1.gif --> infoshare1 /infoweb/cat_man/katmandu/hebrew/hebgifs peraksh1.gif
98.10.09 15:05 B c:\WINNT\Profiles\jamesw\Personal\katmandu\hebrew\hebgifs\peraksh2.gif --> infoshare1 /infoweb/cat_man/katmandu/hebrew/hebgifs peraksh2.gif
98.10.09 15:05 B c:\WINNT\Profiles\jamesw\Personal\katmandu\hebrew\hebgifs\perakt1.gif --> infoshare1 /infoweb/cat_man/katmandu/hebrew/hebgifs perakt1.gif
98.10.09 15:05 B c:\WINNT\Profiles\jamesw\Personal\katmandu\hebrew\hebgifs\perakt2.gif --> infoshare1 /infoweb/cat_man/katmandu/hebrew/hebgifs perakt2.gif
98.10.09 15:05 B c:\WINNT\Profiles\jamesw\Personal\katmandu\hebrew\hebgifs\perakuf.gif --> infoshare1 /infoweb/cat_man/katmandu/hebrew/hebgifs perakuf.gif
98.10.09 15:05 B c:\WINNT\Profiles\jamesw\Personal\katmandu\hebrew\hebgifs\perakv.gif --> infoshare1 /infoweb/cat_man/katmandu/hebrew/hebgifs perakv.gif
98.10.09 15:05 B c:\WINNT\Profiles\jamesw\Personal\katmandu\hebrew\hebgifs\peral.gif --> infoshare1 /infoweb/cat_man/katmandu/hebrew/hebgifs peral.gif
98.10.09 15:05 B c:\WINNT\Profiles\jamesw\Personal\katmandu\hebrew\hebgifs\peram1.gif --> infoshare1 /infoweb/cat_man/katmandu/hebrew/hebgifs peram1.gif
98.10.09 15:05 B c:\WINNT\Profiles\jamesw\Personal\katmandu\hebrew\hebgifs\peram2.gif --> infoshare1 /infoweb/cat_man/katmandu/hebrew/hebgifs peram2.gif
98.10.09 15:05 B c:\WINNT\Profiles\jamesw\Personal\katmandu\hebrew\hebgifs\peran.gif --> infoshare1 /infoweb/cat_man/katmandu/hebrew/hebgifs peran.gif
98.10.09 15:05 B c:\WINNT\Profiles\jamesw\Personal\katmandu\hebrew\hebgifs\perap.gif --> infoshare1 /infoweb/cat_man/katmandu/hebrew/hebgifs perap.gif
98.10.09 15:05 B c:\WINNT\Profiles\jamesw\Personal\katmandu\hebrew\hebgifs\peras.gif --> infoshare1 /infoweb/cat_man/katmandu/hebrew/hebgifs peras.gif
98.10.09 15:05 B c:\WINNT\Profiles\jamesw\Personal\katmandu\hebrew\hebgifs\peratet.gif --> infoshare1 /infoweb/cat_man/katmandu/hebrew/hebgifs peratet.gif
98.10.09 15:05 B c:\WINNT\Profiles\jamesw\Personal\katmandu\hebrew\hebgifs\perats.gif --> infoshare1 /infoweb/cat_man/katmandu/hebrew/hebgifs perats.gif
98.10.09 15:05 B c:\WINNT\Profiles\jamesw\Personal\katmandu\hebrew\hebgifs\peray.gif --> infoshare1 /infoweb/cat_man/katmandu/hebrew/hebgifs peray.gif
98.10.09 15:05 B c:\WINNT\Profiles\jamesw\Personal\katmandu\hebrew\hebgifs\peraz.gif --> infoshare1 /infoweb/cat_man/katmandu/hebrew/hebgifs peraz.gif
98.10.09 15:05 B c:\WINNT\Profiles\jamesw\Personal\katmandu\hebrew\hebgifs\permarq.gif --> infoshare1 /infoweb/cat_man/katmandu/hebrew/hebgifs permarq.gif
98.10.09 15:05 B c:\WINNT\Profiles\jamesw\Personal\katmandu\hebrew\hebgifs\permarq1.gif --> infoshare1 /infoweb/cat_man/katmandu/hebrew/hebgifs permarq1.gif
98.10.09 15:05 B c:\WINNT\Profiles\jamesw\Personal\katmandu\hebrew\hebgifs\practice.gif --> infoshare1 /infoweb/cat_man/katmandu/hebrew/hebgifs practice.gif
98.10.09 15:05 B c:\WINNT\Profiles\jamesw\Personal\katmandu\hebrew\hebgifs\r1.gif --> infoshare1 /infoweb/cat_man/katmandu/hebrew/hebgifs r1.gif
98.10.09 15:05 B c:\WINNT\Profiles\jamesw\Personal\katmandu\hebrew\hebgifs\r2.gif --> infoshare1 /infoweb/cat_man/katmandu/hebrew/hebgifs r2.gif
98.10.09 15:05 B c:\WINNT\Profiles\jamesw\Personal\katmandu\hebrew\hebgifs\r3.gif --> infoshare1 /infoweb/cat_man/katmandu/hebrew/hebgifs r3.gif
98.10.09 15:05 B c:\WINNT\Profiles\jamesw\Personal\katmandu\hebrew\hebgifs\r4.gif --> infoshare1 /infoweb/cat_man/katmandu/hebrew/hebgifs r4.gif
98.10.09 15:05 B c:\WINNT\Profiles\jamesw\Personal\katmandu\hebrew\hebgifs\r5.gif --> infoshare1 /infoweb/cat_man/katmandu/hebrew/hebgifs r5.gif
98.10.09 15:05 B c:\WINNT\Profiles\jamesw\Personal\katmandu\hebrew\hebgifs\r6.gif --> infoshare1 /infoweb/cat_man/katmandu/hebrew/hebgifs r6.gif
98.10.09 15:05 B c:\WINNT\Profiles\jamesw\Personal\katmandu\hebrew\hebgifs\r7.gif --> infoshare1 /infoweb/cat_man/katmandu/hebrew/hebgifs r7.gif
98.10.09 15:05 B c:\WINNT\Profiles\jamesw\Personal\katmandu\hebrew\hebgifs\rbrack.gif --> infoshare1 /infoweb/cat_man/katmandu/hebrew/hebgifs rbrack.gif
98.10.09 15:05 B c:\WINNT\Profiles\jamesw\Personal\katmandu\hebrew\hebgifs\rcap.gif --> infoshare1 /infoweb/cat_man/katmandu/hebrew/hebgifs rcap.gif
98.10.09 15:05 B c:\WINNT\Profiles\jamesw\Personal\katmandu\hebrew\hebgifs\resh.gif --> infoshare1 /infoweb/cat_man/katmandu/hebrew/hebgifs resh.gif
98.10.09 15:05 B c:\WINNT\Profiles\jamesw\Personal\katmandu\hebrew\hebgifs\rparen.gif --> infoshare1 /infoweb/cat_man/katmandu/hebrew/hebgifs rparen.gif
98.10.09 15:05 B c:\WINNT\Profiles\jamesw\Personal\katmandu\hebrew\hebgifs\s1.gif --> infoshare1 /infoweb/cat_man/katmandu/hebrew/hebgifs s1.gif
98.10.09 15:05 B c:\WINNT\Profiles\jamesw\Personal\katmandu\hebrew\hebgifs\s2.gif --> infoshare1 /infoweb/cat_man/katmandu/hebrew/hebgifs s2.gif
98.10.09 15:05 B c:\WINNT\Profiles\jamesw\Personal\katmandu\hebrew\hebgifs\s3.gif --> infoshare1 /infoweb/cat_man/katmandu/hebrew/hebgifs s3.gif
98.10.09 15:05 B c:\WINNT\Profiles\jamesw\Personal\katmandu\hebrew\hebgifs\samekh.gif --> infoshare1 /infoweb/cat_man/katmandu/hebrew/hebgifs samekh.gif
98.10.09 15:05 B c:\WINNT\Profiles\jamesw\Personal\katmandu\hebrew\hebgifs\scap.gif --> infoshare1 /infoweb/cat_man/katmandu/hebrew/hebgifs scap.gif
98.10.09 15:05 B c:\WINNT\Profiles\jamesw\Personal\katmandu\hebrew\hebgifs\segol.gif --> infoshare1 /infoweb/cat_man/katmandu/hebrew/hebgifs segol.gif
98.10.09 15:05 B c:\WINNT\Profiles\jamesw\Personal\katmandu\hebrew\hebgifs\segol2.gif --> infoshare1 /infoweb/cat_man/katmandu/hebrew/hebgifs segol2.gif
98.10.09 15:05 B c:\WINNT\Profiles\jamesw\Personal\katmandu\hebrew\hebgifs\sh.gif --> infoshare1 /infoweb/cat_man/katmandu/hebrew/hebgifs sh.gif
98.10.09 15:05 B c:\WINNT\Profiles\jamesw\Personal\katmandu\hebrew\hebgifs\sh1.gif --> infoshare1 /infoweb/cat_man/katmandu/hebrew/hebgifs sh1.gif
98.10.09 15:05 B c:\WINNT\Profiles\jamesw\Personal\katmandu\hebrew\hebgifs\sh2.gif --> infoshare1 /infoweb/cat_man/katmandu/hebrew/hebgifs sh2.gif
98.10.09 15:05 B c:\WINNT\Profiles\jamesw\Personal\katmandu\hebrew\hebgifs\sh3.gif --> infoshare1 /infoweb/cat_man/katmandu/hebrew/hebgifs sh3.gif
98.10.09 15:05 B c:\WINNT\Profiles\jamesw\Personal\katmandu\hebrew\hebgifs\sh4.gif --> infoshare1 /infoweb/cat_man/katmandu/hebrew/hebgifs sh4.gif
98.10.09 15:05 B c:\WINNT\Profiles\jamesw\Personal\katmandu\hebrew\hebgifs\sh5.gif --> infoshare1 /infoweb/cat_man/katmandu/hebrew/hebgifs sh5.gif
98.10.09 15:05 B c:\WINNT\Profiles\jamesw\Personal\katmandu\hebrew\hebgifs\sh6.gif --> infoshare1 /infoweb/cat_man/katmandu/hebrew/hebgifs sh6.gif
98.10.09 15:05 B c:\WINNT\Profiles\jamesw\Personal\katmandu\hebrew\hebgifs\sh7.gif --> infoshare1 /infoweb/cat_man/katmandu/hebrew/hebgifs sh7.gif
98.10.09 15:05 B c:\WINNT\Profiles\jamesw\Personal\katmandu\hebrew\hebgifs\sh8.gif --> infoshare1 /infoweb/cat_man/katmandu/hebrew/hebgifs sh8.gif
98.10.09 15:05 B c:\WINNT\Profiles\jamesw\Personal\katmandu\hebrew\hebgifs\shcap.gif --> infoshare1 /infoweb/cat_man/katmandu/hebrew/hebgifs shcap.gif
98.10.09 15:05 B c:\WINNT\Profiles\jamesw\Personal\katmandu\hebrew\hebgifs\sheva.gif --> infoshare1 /infoweb/cat_man/katmandu/hebrew/hebgifs sheva.gif
98.10.09 15:05 B c:\WINNT\Profiles\jamesw\Personal\katmandu\hebrew\hebgifs\shin.gif --> infoshare1 /infoweb/cat_man/katmandu/hebrew/hebgifs shin.gif
98.10.09 15:05 B c:\WINNT\Profiles\jamesw\Personal\katmandu\hebrew\hebgifs\shuruk.gif --> infoshare1 /infoweb/cat_man/katmandu/hebrew/hebgifs shuruk.gif
98.10.09 15:05 B c:\WINNT\Profiles\jamesw\Personal\katmandu\hebrew\hebgifs\sin.gif --> infoshare1 /infoweb/cat_man/katmandu/hebrew/hebgifs sin.gif
98.10.09 15:05 B c:\WINNT\Profiles\jamesw\Personal\katmandu\hebrew\hebgifs\slin.gif --> infoshare1 /infoweb/cat_man/katmandu/hebrew/hebgifs slin.gif
98.10.09 15:05 B c:\WINNT\Profiles\jamesw\Personal\katmandu\hebrew\hebgifs\slinc.gif --> infoshare1 /infoweb/cat_man/katmandu/hebrew/hebgifs slinc.gif
98.10.09 15:05 B c:\WINNT\Profiles\jamesw\Personal\katmandu\hebrew\hebgifs\ssin.gif --> infoshare1 /infoweb/cat_man/katmandu/hebrew/hebgifs ssin.gif
98.10.09 15:05 B c:\WINNT\Profiles\jamesw\Personal\katmandu\hebrew\hebgifs\t.gif --> infoshare1 /infoweb/cat_man/katmandu/hebrew/hebgifs t.gif
98.10.09 15:05 B c:\WINNT\Profiles\jamesw\Personal\katmandu\hebrew\hebgifs\t1.gif --> infoshare1 /infoweb/cat_man/katmandu/hebrew/hebgifs t1.gif
98.10.09 15:05 B c:\WINNT\Profiles\jamesw\Personal\katmandu\hebrew\hebgifs\t10.gif --> infoshare1 /infoweb/cat_man/katmandu/hebrew/hebgifs t10.gif
98.10.09 15:05 B c:\WINNT\Profiles\jamesw\Personal\katmandu\hebrew\hebgifs\t2.gif --> infoshare1 /infoweb/cat_man/katmandu/hebrew/hebgifs t2.gif
98.10.09 15:05 B c:\WINNT\Profiles\jamesw\Personal\katmandu\hebrew\hebgifs\t3.gif --> infoshare1 /infoweb/cat_man/katmandu/hebrew/hebgifs t3.gif
98.10.09 15:05 B c:\WINNT\Profiles\jamesw\Personal\katmandu\hebrew\hebgifs\t4.gif --> infoshare1 /infoweb/cat_man/katmandu/hebrew/hebgifs t4.gif
98.10.09 15:05 B c:\WINNT\Profiles\jamesw\Personal\katmandu\hebrew\hebgifs\t5.gif --> infoshare1 /infoweb/cat_man/katmandu/hebrew/hebgifs t5.gif
98.10.09 15:05 B c:\WINNT\Profiles\jamesw\Personal\katmandu\hebrew\hebgifs\t6.gif --> infoshare1 /infoweb/cat_man/katmandu/hebrew/hebgifs t6.gif
98.10.09 15:05 B c:\WINNT\Profiles\jamesw\Personal\katmandu\hebrew\hebgifs\t7.gif --> infoshare1 /infoweb/cat_man/katmandu/hebrew/hebgifs t7.gif
98.10.09 15:05 B c:\WINNT\Profiles\jamesw\Personal\katmandu\hebrew\hebgifs\t8.gif --> infoshare1 /infoweb/cat_man/katmandu/hebrew/hebgifs t8.gif
98.10.09 15:05 B c:\WINNT\Profiles\jamesw\Personal\katmandu\hebrew\hebgifs\t9.gif --> infoshare1 /infoweb/cat_man/katmandu/hebrew/hebgifs t9.gif
98.10.09 15:05 B c:\WINNT\Profiles\jamesw\Personal\katmandu\hebrew\hebgifs\tav.gif --> infoshare1 /infoweb/cat_man/katmandu/hebrew/hebgifs tav.gif
98.10.09 15:05 B c:\WINNT\Profiles\jamesw\Personal\katmandu\hebrew\hebgifs\tcap.gif --> infoshare1 /infoweb/cat_man/katmandu/hebrew/hebgifs tcap.gif
98.10.09 15:05 B c:\WINNT\Profiles\jamesw\Personal\katmandu\hebrew\hebgifs\tdot.gif --> infoshare1 /infoweb/cat_man/katmandu/hebrew/hebgifs tdot.gif
98.10.09 15:05 B c:\WINNT\Profiles\jamesw\Personal\katmandu\hebrew\hebgifs\tdotc.gif --> infoshare1 /infoweb/cat_man/katmandu/hebrew/hebgifs tdotc.gif
98.10.09 15:05 B c:\WINNT\Profiles\jamesw\Personal\katmandu\hebrew\hebgifs\tet.gif --> infoshare1 /infoweb/cat_man/katmandu/hebrew/hebgifs tet.gif
98.10.09 15:05 B c:\WINNT\Profiles\jamesw\Personal\katmandu\hebrew\hebgifs\tet1.gif --> infoshare1 /infoweb/cat_man/katmandu/hebrew/hebgifs tet1.gif
98.10.09 15:05 B c:\WINNT\Profiles\jamesw\Personal\katmandu\hebrew\hebgifs\tetcap.gif --> infoshare1 /infoweb/cat_man/katmandu/hebrew/hebgifs tetcap.gif
98.10.09 15:05 B c:\WINNT\Profiles\jamesw\Personal\katmandu\hebrew\hebgifs\thav.gif --> infoshare1 /infoweb/cat_man/katmandu/hebrew/hebgifs thav.gif
98.10.09 15:05 B c:\WINNT\Profiles\jamesw\Personal\katmandu\hebrew\hebgifs\ts1.gif --> infoshare1 /infoweb/cat_man/katmandu/hebrew/hebgifs ts1.gif
98.10.09 15:05 B c:\WINNT\Profiles\jamesw\Personal\katmandu\hebrew\hebgifs\tsadcap.gif --> infoshare1 /infoweb/cat_man/katmandu/hebrew/hebgifs tsadcap.gif
98.10.09 15:05 B c:\WINNT\Profiles\jamesw\Personal\katmandu\hebrew\hebgifs\tsadi.gif --> infoshare1 /infoweb/cat_man/katmandu/hebrew/hebgifs tsadi.gif
98.10.09 15:05 B c:\WINNT\Profiles\jamesw\Personal\katmandu\hebrew\hebgifs\tsadif.gif --> infoshare1 /infoweb/cat_man/katmandu/hebrew/hebgifs tsadif.gif
98.10.09 15:05 B c:\WINNT\Profiles\jamesw\Personal\katmandu\hebrew\hebgifs\tsereh.gif --> infoshare1 /infoweb/cat_man/katmandu/hebrew/hebgifs tsereh.gif
98.10.09 15:05 B c:\WINNT\Profiles\jamesw\Personal\katmandu\hebrew\hebgifs\v1.gif --> infoshare1 /infoweb/cat_man/katmandu/hebrew/hebgifs v1.gif
98.10.09 15:05 B c:\WINNT\Profiles\jamesw\Personal\katmandu\hebrew\hebgifs\vav.gif --> infoshare1 /infoweb/cat_man/katmandu/hebrew/hebgifs vav.gif
98.10.09 15:05 B c:\WINNT\Profiles\jamesw\Personal\katmandu\hebrew\hebgifs\vcap.gif --> infoshare1 /infoweb/cat_man/katmandu/hebrew/hebgifs vcap.gif
98.10.09 15:05 B c:\WINNT\Profiles\jamesw\Personal\katmandu\hebrew\hebgifs\vdot.gif --> infoshare1 /infoweb/cat_man/katmandu/hebrew/hebgifs vdot.gif
98.10.09 15:05 B c:\WINNT\Profiles\jamesw\Personal\katmandu\hebrew\hebgifs\vdotc.gif --> infoshare1 /infoweb/cat_man/katmandu/hebrew/hebgifs vdotc.gif
98.10.09 15:05 B c:\WINNT\Profiles\jamesw\Personal\katmandu\hebrew\hebgifs\vet.gif --> infoshare1 /infoweb/cat_man/katmandu/hebrew/hebgifs vet.gif
98.10.09 15:05 B c:\WINNT\Profiles\jamesw\Personal\katmandu\hebrew\hebgifs\ws_ftp.log --> infoshare1 /infoweb/cat_man/katmandu/hebrew/hebgifs ws_ftp.log
98.10.09 15:05 B c:\WINNT\Profiles\jamesw\Personal\katmandu\hebrew\hebgifs\y1.gif --> infoshare1 /infoweb/cat_man/katmandu/hebrew/hebgifs y1.gif
98.10.09 15:06 B c:\WINNT\Profiles\jamesw\Personal\katmandu\hebrew\hebgifs\y10.gif --> infoshare1 /infoweb/cat_man/katmandu/hebrew/hebgifs y10.gif
98.10.09 15:06 B c:\WINNT\Profiles\jamesw\Personal\katmandu\hebrew\hebgifs\y11.gif --> infoshare1 /infoweb/cat_man/katmandu/hebrew/hebgifs y11.gif
98.10.09 15:06 B c:\WINNT\Profiles\jamesw\Personal\katmandu\hebrew\hebgifs\y12.gif --> infoshare1 /infoweb/cat_man/katmandu/hebrew/hebgifs y12.gif
98.10.09 15:06 B c:\WINNT\Profiles\jamesw\Personal\katmandu\hebrew\hebgifs\y2.gif --> infoshare1 /infoweb/cat_man/katmandu/hebrew/hebgifs y2.gif
98.10.09 15:06 B c:\WINNT\Profiles\jamesw\Personal\katmandu\hebrew\hebgifs\y3.gif --> infoshare1 /infoweb/cat_man/katmandu/hebrew/hebgifs y3.gif
98.10.09 15:06 B c:\WINNT\Profiles\jamesw\Personal\katmandu\hebrew\hebgifs\y4.gif --> infoshare1 /infoweb/cat_man/katmandu/hebrew/hebgifs y4.gif
98.10.09 15:06 B c:\WINNT\Profiles\jamesw\Personal\katmandu\hebrew\hebgifs\y5.gif --> infoshare1 /infoweb/cat_man/katmandu/hebrew/hebgifs y5.gif
98.10.09 15:06 B c:\WINNT\Profiles\jamesw\Personal\katmandu\hebrew\hebgifs\y6.gif --> infoshare1 /infoweb/cat_man/katmandu/hebrew/hebgifs y6.gif
98.10.09 15:06 B c:\WINNT\Profiles\jamesw\Personal\katmandu\hebrew\hebgifs\y7.gif --> infoshare1 /infoweb/cat_man/katmandu/hebrew/hebgifs y7.gif
98.10.09 15:06 B c:\WINNT\Profiles\jamesw\Personal\katmandu\hebrew\hebgifs\y7a.gif --> infoshare1 /infoweb/cat_man/katmandu/hebrew/hebgifs y7a.gif
98.10.09 15:06 B c:\WINNT\Profiles\jamesw\Personal\katmandu\hebrew\hebgifs\y7b.gif --> infoshare1 /infoweb/cat_man/katmandu/hebrew/hebgifs y7b.gif
98.10.09 15:06 B c:\WINNT\Profiles\jamesw\Personal\katmandu\hebrew\hebgifs\y8.gif --> infoshare1 /infoweb/cat_man/katmandu/hebrew/hebgifs y8.gif
98.10.09 15:06 B c:\WINNT\Profiles\jamesw\Personal\katmandu\hebrew\hebgifs\y9.gif --> infoshare1 /infoweb/cat_man/katmandu/hebrew/hebgifs y9.gif
98.10.09 15:06 B c:\WINNT\Profiles\jamesw\Personal\katmandu\hebrew\hebgifs\ycap.gif --> infoshare1 /infoweb/cat_man/katmandu/hebrew/hebgifs ycap.gif
98.10.09 15:06 B c:\WINNT\Profiles\jamesw\Personal\katmandu\hebrew\hebgifs\yod.gif --> infoshare1 /infoweb/cat_man/katmandu/hebrew/hebgifs yod.gif
98.10.09 15:06 B c:\WINNT\Profiles\jamesw\Personal\katmandu\hebrew\hebgifs\yy.gif --> infoshare1 /infoweb/cat_man/katmandu/hebrew/hebgifs yy.gif
98.10.09 15:06 B c:\WINNT\Profiles\jamesw\Personal\katmandu\hebrew\hebgifs\yyl.gif --> infoshare1 /infoweb/cat_man/katmandu/hebrew/hebgifs yyl.gif
98.10.09 15:06 B c:\WINNT\Profiles\jamesw\Personal\katmandu\hebrew\hebgifs\z1.gif --> infoshare1 /infoweb/cat_man/katmandu/hebrew/hebgifs z1.gif
98.10.09 15:06 B c:\WINNT\Profiles\jamesw\Personal\katmandu\hebrew\hebgifs\z10.gif --> infoshare1 /infoweb/cat_man/katmandu/hebrew/hebgifs z10.gif
98.10.09 15:06 B c:\WINNT\Profiles\jamesw\Personal\katmandu\hebrew\hebgifs\z11.gif --> infoshare1 /infoweb/cat_man/katmandu/hebrew/hebgifs z11.gif
98.10.09 15:06 B c:\WINNT\Profiles\jamesw\Personal\katmandu\hebrew\hebgifs\z2.gif --> infoshare1 /infoweb/cat_man/katmandu/hebrew/hebgifs z2.gif
98.10.09 15:06 B c:\WINNT\Profiles\jamesw\Personal\katmandu\hebrew\hebgifs\z3.gif --> infoshare1 /infoweb/cat_man/katmandu/hebrew/hebgifs z3.gif
98.10.09 15:06 B c:\WINNT\Profiles\jamesw\Personal\katmandu\hebrew\hebgifs\z4.gif --> infoshare1 /infoweb/cat_man/katmandu/hebrew/hebgifs z4.gif
98.10.09 15:06 B c:\WINNT\Profiles\jamesw\Personal\katmandu\hebrew\hebgifs\z5.gif --> infoshare1 /infoweb/cat_man/katmandu/hebrew/hebgifs z5.gif
98.10.09 15:06 B c:\WINNT\Profiles\jamesw\Personal\katmandu\hebrew\hebgifs\z6.gif --> infoshare1 /infoweb/cat_man/katmandu/hebrew/hebgifs z6.gif
98.10.09 15:06 B c:\WINNT\Profiles\jamesw\Personal\katmandu\hebrew\hebgifs\z7.gif --> infoshare1 /infoweb/cat_man/katmandu/hebrew/hebgifs z7.gif
98.10.09 15:06 B c:\WINNT\Profiles\jamesw\Personal\katmandu\hebrew\hebgifs\z8.gif --> infoshare1 /infoweb/cat_man/katmandu/hebrew/hebgifs z8.gif
98.10.09 15:06 B c:\WINNT\Profiles\jamesw\Personal\katmandu\hebrew\hebgifs\z9.gif --> infoshare1 /infoweb/cat_man/katmandu/hebrew/hebgifs z9.gif
98.10.09 15:06 B c:\WINNT\Profiles\jamesw\Personal\katmandu\hebrew\hebgifs\zayin.gif --> infoshare1 /infoweb/cat_man/katmandu/hebrew/hebgifs zayin.gif
98.10.09 15:06 B c:\WINNT\Profiles\jamesw\Personal\katmandu\hebrew\hebgifs\zcap.gif --> infoshare1 /infoweb/cat_man/katmandu/hebrew/hebgifs zcap.gif
98.10.09 15:06 B c:\WINNT\Profiles\jamesw\Personal\katmandu\hebrew\hebgifs\zdot.gif --> infoshare1 /infoweb/cat_man/katmandu/hebrew/hebgifs zdot.gif
98.10.13 13:50 B c:\WINNT\Profiles\jamesw\Personal\katmandu\hebrew\hebgifs\Book Cover 1.gif <-- infoshare1 /infoweb/cat_man/tech/JIM Book Cover 1.gif
98.10.13 13:50 B c:\WINNT\Profiles\jamesw\Personal\katmandu\hebrew\hebgifs\Book Cover 2.gif <-- infoshare1 /infoweb/cat_man/tech/JIM Book Cover 2.gif
98.10.13 13:50 B c:\WINNT\Profiles\jamesw\Personal\katmandu\hebrew\hebgifs\Book Cover 3.gif <-- infoshare1 /infoweb/cat_man/tech/JIM Book Cover 3.gif
98.10.13 13:50 B c:\WINNT\Profiles\jamesw\Personal\katmandu\hebrew\hebgifs\Book Cover 4.gif <-- infoshare1 /infoweb/cat_man/tech/JIM Book Cover 4.gif
98.10.13 13:50 B c:\WINNT\Profiles\jamesw\Personal\katmandu\hebrew\hebgifs\Book Cover 5.gif <-- infoshare1 /infoweb/cat_man/tech/JIM Book Cover 5.gif
98.10.13 13:50 B c:\WINNT\Profiles\jamesw\Personal\katmandu\hebrew\hebgifs\Book Cover 6.gif <-- infoshare1 /infoweb/cat_man/tech/JIM Book Cover 6.gif
98.10.13 13:50 B c:\WINNT\Profiles\jamesw\Personal\katmandu\hebrew\hebgifs\Book Cover 7.gif <-- infoshare1 /infoweb/cat_man/tech/JIM Book Cover 7.gif
98.10.13 13:50 B c:\WINNT\Profiles\jamesw\Personal\katmandu\hebrew\hebgifs\Book Cover 8.gif <-- infoshare1 /infoweb/cat_man/tech/JIM Book Cover 8.gif
98.10.19 15:09 B c:\WINNT\Profiles\jamesw\Personal\katmandu\hebrew\hebgifs\tdotc.gif --> infoshare1 /infoweb/cat_man/katmandu/hebrew/hebgifs tdotc.gif
98.10.19 15:09 B c:\WINNT\Profiles\jamesw\Personal\katmandu\hebrew\hebgifs\vdotc.gif --> infoshare1 /infoweb/cat_man/katmandu/hebrew/hebgifs vdotc.gif
98.10.19 16:54 B c:\WINNT\Profiles\jamesw\Personal\katmandu\hebrew\hebgifs\permarq.gif --> infoshare1 /infoweb/cat_man/katmandu/hebrew permarq.gif
98.10.19 16:55 B c:\WINNT\Profiles\jamesw\Personal\katmandu\hebrew\hebgifs\globe.jpg --> infoshare1 /infoweb/cat_man/katmandu/hebrew globe.jpg
98.10.19 16:55 B c:\WINNT\Profiles\jamesw\Personal\katmandu\hebrew\hebgifs\globe.jpg --> infoshare1 /infoweb/cat_man/katmandu/hebrew/hebgifs globe.jpg
98.10.19 16:55 B c:\WINNT\Profiles\jamesw\Personal\katmandu\hebrew\hebgifs\permarq.gif --> infoshare1 /infoweb/cat_man/katmandu/hebrew/hebgifs permarq.gif
98.10.19 16:57 B c:\WINNT\Profiles\jamesw\Personal\katmandu\hebrew\hebgifs\globe.jpg --> infoshare1 /infoweb/cat_man/katmandu/hebrew/hebgifs globe.jpg
98.10.20 08:26 B c:\WINNT\Profiles\jamesw\Personal\katmandu\hebrew\hebgifs\a1.gif --> infoshare1 /infoweb/cat_man/katmandu/hebrew/hebgifs a1.gif
98.10.20 08:26 B c:\WINNT\Profiles\jamesw\Personal\katmandu\hebrew\hebgifs\a10.gif --> infoshare1 /infoweb/cat_man/katmandu/hebrew/hebgifs a10.gif
98.10.20 08:26 B c:\WINNT\Profiles\jamesw\Personal\katmandu\hebrew\hebgifs\a11.gif --> infoshare1 /infoweb/cat_man/katmandu/hebrew/hebgifs a11.gif
98.10.20 08:26 B c:\WINNT\Profiles\jamesw\Personal\katmandu\hebrew\hebgifs\a12.gif --> infoshare1 /infoweb/cat_man/katmandu/hebrew/hebgifs a12.gif
98.10.20 08:26 B c:\WINNT\Profiles\jamesw\Personal\katmandu\hebrew\hebgifs\a13.gif --> infoshare1 /infoweb/cat_man/katmandu/hebrew/hebgifs a13.gif
98.10.20 08:26 B c:\WINNT\Profiles\jamesw\Personal\katmandu\hebrew\hebgifs\a2.gif --> infoshare1 /infoweb/cat_man/katmandu/hebrew/hebgifs a2.gif
98.10.20 08:26 B c:\WINNT\Profiles\jamesw\Personal\katmandu\hebrew\hebgifs\a3.gif --> infoshare1 /infoweb/cat_man/katmandu/hebrew/hebgifs a3.gif
98.10.20 08:26 B c:\WINNT\Profiles\jamesw\Personal\katmandu\hebrew\hebgifs\a4.gif --> infoshare1 /infoweb/cat_man/katmandu/hebrew/hebgifs a4.gif
98.10.20 08:26 B c:\WINNT\Profiles\jamesw\Personal\katmandu\hebrew\hebgifs\a5.gif --> infoshare1 /infoweb/cat_man/katmandu/hebrew/hebgifs a5.gif
98.10.20 08:26 B c:\WINNT\Profiles\jamesw\Personal\katmandu\hebrew\hebgifs\a5a.gif --> infoshare1 /infoweb/cat_man/katmandu/hebrew/hebgifs a5a.gif
98.10.20 08:26 B c:\WINNT\Profiles\jamesw\Personal\katmandu\hebrew\hebgifs\a6.gif --> infoshare1 /infoweb/cat_man/katmandu/hebrew/hebgifs a6.gif
98.10.20 08:26 B c:\WINNT\Profiles\jamesw\Personal\katmandu\hebrew\hebgifs\a7.gif --> infoshare1 /infoweb/cat_man/katmandu/hebrew/hebgifs a7.gif
98.10.20 08:26 B c:\WINNT\Profiles\jamesw\Personal\katmandu\hebrew\hebgifs\a8.gif --> infoshare1 /infoweb/cat_man/katmandu/hebrew/hebgifs a8.gif
98.10.20 08:26 B c:\WINNT\Profiles\jamesw\Personal\katmandu\hebrew\hebgifs\a8a.gif --> infoshare1 /infoweb/cat_man/katmandu/hebrew/hebgifs a8a.gif
98.10.20 08:26 B c:\WINNT\Profiles\jamesw\Personal\katmandu\hebrew\hebgifs\a9.gif --> infoshare1 /infoweb/cat_man/katmandu/hebrew/hebgifs a9.gif
98.10.20 08:26 B c:\WINNT\Profiles\jamesw\Personal\katmandu\hebrew\hebgifs\acap.gif --> infoshare1 /infoweb/cat_man/katmandu/hebrew/hebgifs acap.gif
98.10.20 08:26 B c:\WINNT\Profiles\jamesw\Personal\katmandu\hebrew\hebgifs\ain1.gif --> infoshare1 /infoweb/cat_man/katmandu/hebrew/hebgifs ain1.gif
98.10.20 08:26 B c:\WINNT\Profiles\jamesw\Personal\katmandu\hebrew\hebgifs\ain10.gif --> infoshare1 /infoweb/cat_man/katmandu/hebrew/hebgifs ain10.gif
98.10.20 08:26 B c:\WINNT\Profiles\jamesw\Personal\katmandu\hebrew\hebgifs\ain11.gif --> infoshare1 /infoweb/cat_man/katmandu/hebrew/hebgifs ain11.gif
98.10.20 08:26 B c:\WINNT\Profiles\jamesw\Personal\katmandu\hebrew\hebgifs\ain2.gif --> infoshare1 /infoweb/cat_man/katmandu/hebrew/hebgifs ain2.gif
98.10.20 08:26 B c:\WINNT\Profiles\jamesw\Personal\katmandu\hebrew\hebgifs\ain2a.gif --> infoshare1 /infoweb/cat_man/katmandu/hebrew/hebgifs ain2a.gif
98.10.20 08:26 B c:\WINNT\Profiles\jamesw\Personal\katmandu\hebrew\hebgifs\ain3.gif --> infoshare1 /infoweb/cat_man/katmandu/hebrew/hebgifs ain3.gif
98.10.20 08:26 B c:\WINNT\Profiles\jamesw\Personal\katmandu\hebrew\hebgifs\ain4.gif --> infoshare1 /infoweb/cat_man/katmandu/hebrew/hebgifs ain4.gif
98.10.20 08:26 B c:\WINNT\Profiles\jamesw\Personal\katmandu\hebrew\hebgifs\ain5.gif --> infoshare1 /infoweb/cat_man/katmandu/hebrew/hebgifs ain5.gif
98.10.20 08:26 B c:\WINNT\Profiles\jamesw\Personal\katmandu\hebrew\hebgifs\ain6.gif --> infoshare1 /infoweb/cat_man/katmandu/hebrew/hebgifs ain6.gif
98.10.20 08:26 B c:\WINNT\Profiles\jamesw\Personal\katmandu\hebrew\hebgifs\ain7.gif --> infoshare1 /infoweb/cat_man/katmandu/hebrew/hebgifs ain7.gif
98.10.20 08:26 B c:\WINNT\Profiles\jamesw\Personal\katmandu\hebrew\hebgifs\ain8.gif --> infoshare1 /infoweb/cat_man/katmandu/hebrew/hebgifs ain8.gif
98.10.20 08:26 B c:\WINNT\Profiles\jamesw\Personal\katmandu\hebrew\hebgifs\ain9.gif --> infoshare1 /infoweb/cat_man/katmandu/hebrew/hebgifs ain9.gif
98.10.20 08:26 B c:\WINNT\Profiles\jamesw\Personal\katmandu\hebrew\hebgifs\aincap.gif --> infoshare1 /infoweb/cat_man/katmandu/hebrew/hebgifs aincap.gif
98.10.20 08:26 B c:\WINNT\Profiles\jamesw\Personal\katmandu\hebrew\hebgifs\alef.gif --> infoshare1 /infoweb/cat_man/katmandu/hebrew/hebgifs alef.gif
98.10.20 08:26 B c:\WINNT\Profiles\jamesw\Personal\katmandu\hebrew\hebgifs\alif.gif --> infoshare1 /infoweb/cat_man/katmandu/hebrew/hebgifs alif.gif
98.10.20 08:26 B c:\WINNT\Profiles\jamesw\Personal\katmandu\hebrew\hebgifs\alpha.gif --> infoshare1 /infoweb/cat_man/katmandu/hebrew/hebgifs alpha.gif
98.10.20 08:26 B c:\WINNT\Profiles\jamesw\Personal\katmandu\hebrew\hebgifs\alphabet.gif --> infoshare1 /infoweb/cat_man/katmandu/hebrew/hebgifs alphabet.gif
98.10.20 08:26 B c:\WINNT\Profiles\jamesw\Personal\katmandu\hebrew\hebgifs\apostrop.gif --> infoshare1 /infoweb/cat_man/katmandu/hebrew/hebgifs apostrop.gif
98.10.20 08:26 B c:\WINNT\Profiles\jamesw\Personal\katmandu\hebrew\hebgifs\ayin.gif --> infoshare1 /infoweb/cat_man/katmandu/hebrew/hebgifs ayin.gif
98.10.20 08:26 B c:\WINNT\Profiles\jamesw\Personal\katmandu\hebrew\hebgifs\ayinh.gif --> infoshare1 /infoweb/cat_man/katmandu/hebrew/hebgifs ayinh.gif
98.10.20 08:26 B c:\WINNT\Profiles\jamesw\Personal\katmandu\hebrew\hebgifs\ayinheb.gif --> infoshare1 /infoweb/cat_man/katmandu/hebrew/hebgifs ayinheb.gif
98.10.20 08:26 B c:\WINNT\Profiles\jamesw\Personal\katmandu\hebrew\hebgifs\b1.gif --> infoshare1 /infoweb/cat_man/katmandu/hebrew/hebgifs b1.gif
98.10.20 08:26 B c:\WINNT\Profiles\jamesw\Personal\katmandu\hebrew\hebgifs\b10.gif --> infoshare1 /infoweb/cat_man/katmandu/hebrew/hebgifs b10.gif
98.10.20 08:26 B c:\WINNT\Profiles\jamesw\Personal\katmandu\hebrew\hebgifs\b11.gif --> infoshare1 /infoweb/cat_man/katmandu/hebrew/hebgifs b11.gif
98.10.20 08:26 B c:\WINNT\Profiles\jamesw\Personal\katmandu\hebrew\hebgifs\b12.gif --> infoshare1 /infoweb/cat_man/katmandu/hebrew/hebgifs b12.gif
98.10.20 08:26 B c:\WINNT\Profiles\jamesw\Personal\katmandu\hebrew\hebgifs\b13.gif --> infoshare1 /infoweb/cat_man/katmandu/hebrew/hebgifs b13.gif
98.10.20 08:26 B c:\WINNT\Profiles\jamesw\Personal\katmandu\hebrew\hebgifs\b14.gif --> infoshare1 /infoweb/cat_man/katmandu/hebrew/hebgifs b14.gif
98.10.20 08:26 B c:\WINNT\Profiles\jamesw\Personal\katmandu\hebrew\hebgifs\b15.gif --> infoshare1 /infoweb/cat_man/katmandu/hebrew/hebgifs b15.gif
98.10.20 08:26 B c:\WINNT\Profiles\jamesw\Personal\katmandu\hebrew\hebgifs\b16.gif --> infoshare1 /infoweb/cat_man/katmandu/hebrew/hebgifs b16.gif
98.10.20 08:26 B c:\WINNT\Profiles\jamesw\Personal\katmandu\hebrew\hebgifs\b17.gif --> infoshare1 /infoweb/cat_man/katmandu/hebrew/hebgifs b17.gif
98.10.20 08:26 B c:\WINNT\Profiles\jamesw\Personal\katmandu\hebrew\hebgifs\b18.gif --> infoshare1 /infoweb/cat_man/katmandu/hebrew/hebgifs b18.gif
98.10.20 08:26 B c:\WINNT\Profiles\jamesw\Personal\katmandu\hebrew\hebgifs\b19.gif --> infoshare1 /infoweb/cat_man/katmandu/hebrew/hebgifs b19.gif
98.10.20 08:26 B c:\WINNT\Profiles\jamesw\Personal\katmandu\hebrew\hebgifs\b1a.gif --> infoshare1 /infoweb/cat_man/katmandu/hebrew/hebgifs b1a.gif
98.10.20 08:26 B c:\WINNT\Profiles\jamesw\Personal\katmandu\hebrew\hebgifs\b2.gif --> infoshare1 /infoweb/cat_man/katmandu/hebrew/hebgifs b2.gif
98.10.20 08:26 B c:\WINNT\Profiles\jamesw\Personal\katmandu\hebrew\hebgifs\b20.gif --> infoshare1 /infoweb/cat_man/katmandu/hebrew/hebgifs b20.gif
98.10.20 08:26 B c:\WINNT\Profiles\jamesw\Personal\katmandu\hebrew\hebgifs\b21.gif --> infoshare1 /infoweb/cat_man/katmandu/hebrew/hebgifs b21.gif
98.10.20 08:26 B c:\WINNT\Profiles\jamesw\Personal\katmandu\hebrew\hebgifs\b22.gif --> infoshare1 /infoweb/cat_man/katmandu/hebrew/hebgifs b22.gif
98.10.20 08:26 B c:\WINNT\Profiles\jamesw\Personal\katmandu\hebrew\hebgifs\b23.gif --> infoshare1 /infoweb/cat_man/katmandu/hebrew/hebgifs b23.gif
98.10.20 08:26 B c:\WINNT\Profiles\jamesw\Personal\katmandu\hebrew\hebgifs\b24.gif --> infoshare1 /infoweb/cat_man/katmandu/hebrew/hebgifs b24.gif
98.10.20 08:26 B c:\WINNT\Profiles\jamesw\Personal\katmandu\hebrew\hebgifs\b24a.gif --> infoshare1 /infoweb/cat_man/katmandu/hebrew/hebgifs b24a.gif
98.10.20 08:26 B c:\WINNT\Profiles\jamesw\Personal\katmandu\hebrew\hebgifs\b25.gif --> infoshare1 /infoweb/cat_man/katmandu/hebrew/hebgifs b25.gif
98.10.20 08:26 B c:\WINNT\Profiles\jamesw\Personal\katmandu\hebrew\hebgifs\b26.gif --> infoshare1 /infoweb/cat_man/katmandu/hebrew/hebgifs b26.gif
98.10.20 08:26 B c:\WINNT\Profiles\jamesw\Personal\katmandu\hebrew\hebgifs\b27.gif --> infoshare1 /infoweb/cat_man/katmandu/hebrew/hebgifs b27.gif
98.10.20 08:26 B c:\WINNT\Profiles\jamesw\Personal\katmandu\hebrew\hebgifs\b28.gif --> infoshare1 /infoweb/cat_man/katmandu/hebrew/hebgifs b28.gif
98.10.20 08:26 B c:\WINNT\Profiles\jamesw\Personal\katmandu\hebrew\hebgifs\b29.gif --> infoshare1 /infoweb/cat_man/katmandu/hebrew/hebgifs b29.gif
98.10.20 08:26 B c:\WINNT\Profiles\jamesw\Personal\katmandu\hebrew\hebgifs\b3.gif --> infoshare1 /infoweb/cat_man/katmandu/hebrew/hebgifs b3.gif
98.10.20 08:26 B c:\WINNT\Profiles\jamesw\Personal\katmandu\hebrew\hebgifs\b30.gif --> infoshare1 /infoweb/cat_man/katmandu/hebrew/hebgifs b30.gif
98.10.20 08:26 B c:\WINNT\Profiles\jamesw\Personal\katmandu\hebrew\hebgifs\b31.gif --> infoshare1 /infoweb/cat_man/katmandu/hebrew/hebgifs b31.gif
98.10.20 08:26 B c:\WINNT\Profiles\jamesw\Personal\katmandu\hebrew\hebgifs\b3a.gif --> infoshare1 /infoweb/cat_man/katmandu/hebrew/hebgifs b3a.gif
98.10.20 08:26 B c:\WINNT\Profiles\jamesw\Personal\katmandu\hebrew\hebgifs\b4.gif --> infoshare1 /infoweb/cat_man/katmandu/hebrew/hebgifs b4.gif
98.10.20 08:26 B c:\WINNT\Profiles\jamesw\Personal\katmandu\hebrew\hebgifs\b5.gif --> infoshare1 /infoweb/cat_man/katmandu/hebrew/hebgifs b5.gif
98.10.20 08:26 B c:\WINNT\Profiles\jamesw\Personal\katmandu\hebrew\hebgifs\b5a.gif --> infoshare1 /infoweb/cat_man/katmandu/hebrew/hebgifs b5a.gif
98.10.20 08:26 B c:\WINNT\Profiles\jamesw\Personal\katmandu\hebrew\hebgifs\b6.gif --> infoshare1 /infoweb/cat_man/katmandu/hebrew/hebgifs b6.gif
98.10.20 08:26 B c:\WINNT\Profiles\jamesw\Personal\katmandu\hebrew\hebgifs\b7.gif --> infoshare1 /infoweb/cat_man/katmandu/hebrew/hebgifs b7.gif
98.10.20 08:26 B c:\WINNT\Profiles\jamesw\Personal\katmandu\hebrew\hebgifs\b8.gif --> infoshare1 /infoweb/cat_man/katmandu/hebrew/hebgifs b8.gif
98.10.20 08:26 B c:\WINNT\Profiles\jamesw\Personal\katmandu\hebrew\hebgifs\b8a.gif --> infoshare1 /infoweb/cat_man/katmandu/hebrew/hebgifs b8a.gif
98.10.20 08:26 B c:\WINNT\Profiles\jamesw\Personal\katmandu\hebrew\hebgifs\b9.gif --> infoshare1 /infoweb/cat_man/katmandu/hebrew/hebgifs b9.gif
98.10.20 08:26 B c:\WINNT\Profiles\jamesw\Personal\katmandu\hebrew\hebgifs\backa.jpg --> infoshare1 /infoweb/cat_man/katmandu/hebrew/hebgifs backa.jpg
98.10.20 08:26 B c:\WINNT\Profiles\jamesw\Personal\katmandu\hebrew\hebgifs\bcap.gif --> infoshare1 /infoweb/cat_man/katmandu/hebrew/hebgifs bcap.gif
98.10.20 08:26 B c:\WINNT\Profiles\jamesw\Personal\katmandu\hebrew\hebgifs\bet.gif --> infoshare1 /infoweb/cat_man/katmandu/hebrew/hebgifs bet.gif
98.10.20 08:26 B c:\WINNT\Profiles\jamesw\Personal\katmandu\hebrew\hebgifs\ch1.gif --> infoshare1 /infoweb/cat_man/katmandu/hebrew/hebgifs ch1.gif
98.10.20 08:26 B c:\WINNT\Profiles\jamesw\Personal\katmandu\hebrew\hebgifs\ch10.gif --> infoshare1 /infoweb/cat_man/katmandu/hebrew/hebgifs ch10.gif
98.10.20 08:26 B c:\WINNT\Profiles\jamesw\Personal\katmandu\hebrew\hebgifs\ch2.gif --> infoshare1 /infoweb/cat_man/katmandu/hebrew/hebgifs ch2.gif
98.10.20 08:26 B c:\WINNT\Profiles\jamesw\Personal\katmandu\hebrew\hebgifs\ch3.gif --> infoshare1 /infoweb/cat_man/katmandu/hebrew/hebgifs ch3.gif
98.10.20 08:26 B c:\WINNT\Profiles\jamesw\Personal\katmandu\hebrew\hebgifs\ch4.gif --> infoshare1 /infoweb/cat_man/katmandu/hebrew/hebgifs ch4.gif
98.10.20 08:26 B c:\WINNT\Profiles\jamesw\Personal\katmandu\hebrew\hebgifs\ch5.gif --> infoshare1 /infoweb/cat_man/katmandu/hebrew/hebgifs ch5.gif
98.10.20 08:26 B c:\WINNT\Profiles\jamesw\Personal\katmandu\hebrew\hebgifs\ch6.gif --> infoshare1 /infoweb/cat_man/katmandu/hebrew/hebgifs ch6.gif
98.10.20 08:26 B c:\WINNT\Profiles\jamesw\Personal\katmandu\hebrew\hebgifs\ch7.gif --> infoshare1 /infoweb/cat_man/katmandu/hebrew/hebgifs ch7.gif
98.10.20 08:26 B c:\WINNT\Profiles\jamesw\Personal\katmandu\hebrew\hebgifs\ch8.gif --> infoshare1 /infoweb/cat_man/katmandu/hebrew/hebgifs ch8.gif
98.10.20 08:26 B c:\WINNT\Profiles\jamesw\Personal\katmandu\hebrew\hebgifs\ch9.gif --> infoshare1 /infoweb/cat_man/katmandu/hebrew/hebgifs ch9.gif
98.10.20 08:26 B c:\WINNT\Profiles\jamesw\Personal\katmandu\hebrew\hebgifs\chcap.gif --> infoshare1 /infoweb/cat_man/katmandu/hebrew/hebgifs chcap.gif
98.10.20 08:26 B c:\WINNT\Profiles\jamesw\Personal\katmandu\hebrew\hebgifs\collage.jpg --> infoshare1 /infoweb/cat_man/katmandu/hebrew/hebgifs collage.jpg
98.10.20 08:26 B c:\WINNT\Profiles\jamesw\Personal\katmandu\hebrew\hebgifs\d1.gif --> infoshare1 /infoweb/cat_man/katmandu/hebrew/hebgifs d1.gif
98.10.20 08:26 B c:\WINNT\Profiles\jamesw\Personal\katmandu\hebrew\hebgifs\d2.gif --> infoshare1 /infoweb/cat_man/katmandu/hebrew/hebgifs d2.gif
98.10.20 08:26 B c:\WINNT\Profiles\jamesw\Personal\katmandu\hebrew\hebgifs\d3.gif --> infoshare1 /infoweb/cat_man/katmandu/hebrew/hebgifs d3.gif
98.10.20 08:26 B c:\WINNT\Profiles\jamesw\Personal\katmandu\hebrew\hebgifs\d4.gif --> infoshare1 /infoweb/cat_man/katmandu/hebrew/hebgifs d4.gif
98.10.20 08:26 B c:\WINNT\Profiles\jamesw\Personal\katmandu\hebrew\hebgifs\d5.gif --> infoshare1 /infoweb/cat_man/katmandu/hebrew/hebgifs d5.gif
98.10.20 08:26 B c:\WINNT\Profiles\jamesw\Personal\katmandu\hebrew\hebgifs\d6.gif --> infoshare1 /infoweb/cat_man/katmandu/hebrew/hebgifs d6.gif
98.10.20 08:26 B c:\WINNT\Profiles\jamesw\Personal\katmandu\hebrew\hebgifs\dalet.gif --> infoshare1 /infoweb/cat_man/katmandu/hebrew/hebgifs dalet.gif
98.10.20 08:26 B c:\WINNT\Profiles\jamesw\Personal\katmandu\hebrew\hebgifs\dcap.gif --> infoshare1 /infoweb/cat_man/katmandu/hebrew/hebgifs dcap.gif
98.10.20 08:26 B c:\WINNT\Profiles\jamesw\Personal\katmandu\hebrew\hebgifs\feh.gif --> infoshare1 /infoweb/cat_man/katmandu/hebrew/hebgifs feh.gif
98.10.20 08:26 B c:\WINNT\Profiles\jamesw\Personal\katmandu\hebrew\hebgifs\fehf.gif --> infoshare1 /infoweb/cat_man/katmandu/hebrew/hebgifs fehf.gif
98.10.20 08:26 B c:\WINNT\Profiles\jamesw\Personal\katmandu\hebrew\hebgifs\g1.gif --> infoshare1 /infoweb/cat_man/katmandu/hebrew/hebgifs g1.gif
98.10.20 08:26 B c:\WINNT\Profiles\jamesw\Personal\katmandu\hebrew\hebgifs\g2.gif --> infoshare1 /infoweb/cat_man/katmandu/hebrew/hebgifs g2.gif
98.10.20 08:26 B c:\WINNT\Profiles\jamesw\Personal\katmandu\hebrew\hebgifs\g3.gif --> infoshare1 /infoweb/cat_man/katmandu/hebrew/hebgifs g3.gif
98.10.20 08:26 B c:\WINNT\Profiles\jamesw\Personal\katmandu\hebrew\hebgifs\g4.gif --> infoshare1 /infoweb/cat_man/katmandu/hebrew/hebgifs g4.gif
98.10.20 08:26 B c:\WINNT\Profiles\jamesw\Personal\katmandu\hebrew\hebgifs\gcap.gif --> infoshare1 /infoweb/cat_man/katmandu/hebrew/hebgifs gcap.gif
98.10.20 08:26 B c:\WINNT\Profiles\jamesw\Personal\katmandu\hebrew\hebgifs\geresh.gif --> infoshare1 /infoweb/cat_man/katmandu/hebrew/hebgifs geresh.gif
98.10.20 08:26 B c:\WINNT\Profiles\jamesw\Personal\katmandu\hebrew\hebgifs\gimel.gif --> infoshare1 /infoweb/cat_man/katmandu/hebrew/hebgifs gimel.gif
98.10.20 08:26 B c:\WINNT\Profiles\jamesw\Personal\katmandu\hebrew\hebgifs\h1.gif --> infoshare1 /infoweb/cat_man/katmandu/hebrew/hebgifs h1.gif
98.10.20 08:26 B c:\WINNT\Profiles\jamesw\Personal\katmandu\hebrew\hebgifs\h10.gif --> infoshare1 /infoweb/cat_man/katmandu/hebrew/hebgifs h10.gif
98.10.20 08:26 B c:\WINNT\Profiles\jamesw\Personal\katmandu\hebrew\hebgifs\h11.gif --> infoshare1 /infoweb/cat_man/katmandu/hebrew/hebgifs h11.gif
98.10.20 08:26 B c:\WINNT\Profiles\jamesw\Personal\katmandu\hebrew\hebgifs\h12.gif --> infoshare1 /infoweb/cat_man/katmandu/hebrew/hebgifs h12.gif
98.10.20 08:26 B c:\WINNT\Profiles\jamesw\Personal\katmandu\hebrew\hebgifs\h13.gif --> infoshare1 /infoweb/cat_man/katmandu/hebrew/hebgifs h13.gif
98.10.20 08:26 B c:\WINNT\Profiles\jamesw\Personal\katmandu\hebrew\hebgifs\h14.gif --> infoshare1 /infoweb/cat_man/katmandu/hebrew/hebgifs h14.gif
98.10.20 08:26 B c:\WINNT\Profiles\jamesw\Personal\katmandu\hebrew\hebgifs\h15.gif --> infoshare1 /infoweb/cat_man/katmandu/hebrew/hebgifs h15.gif
98.10.20 08:26 B c:\WINNT\Profiles\jamesw\Personal\katmandu\hebrew\hebgifs\h16.gif --> infoshare1 /infoweb/cat_man/katmandu/hebrew/hebgifs h16.gif
98.10.20 08:26 B c:\WINNT\Profiles\jamesw\Personal\katmandu\hebrew\hebgifs\h16a.gif --> infoshare1 /infoweb/cat_man/katmandu/hebrew/hebgifs h16a.gif
98.10.20 08:26 B c:\WINNT\Profiles\jamesw\Personal\katmandu\hebrew\hebgifs\h17.gif --> infoshare1 /infoweb/cat_man/katmandu/hebrew/hebgifs h17.gif
98.10.20 08:26 B c:\WINNT\Profiles\jamesw\Personal\katmandu\hebrew\hebgifs\h18.gif --> infoshare1 /infoweb/cat_man/katmandu/hebrew/hebgifs h18.gif
98.10.20 08:26 B c:\WINNT\Profiles\jamesw\Personal\katmandu\hebrew\hebgifs\h19.gif --> infoshare1 /infoweb/cat_man/katmandu/hebrew/hebgifs h19.gif
98.10.20 08:26 B c:\WINNT\Profiles\jamesw\Personal\katmandu\hebrew\hebgifs\h2.gif --> infoshare1 /infoweb/cat_man/katmandu/hebrew/hebgifs h2.gif
98.10.20 08:26 B c:\WINNT\Profiles\jamesw\Personal\katmandu\hebrew\hebgifs\h20.gif --> infoshare1 /infoweb/cat_man/katmandu/hebrew/hebgifs h20.gif
98.10.20 08:26 B c:\WINNT\Profiles\jamesw\Personal\katmandu\hebrew\hebgifs\h21.gif --> infoshare1 /infoweb/cat_man/katmandu/hebrew/hebgifs h21.gif
98.10.20 08:26 B c:\WINNT\Profiles\jamesw\Personal\katmandu\hebrew\hebgifs\h22.gif --> infoshare1 /infoweb/cat_man/katmandu/hebrew/hebgifs h22.gif
98.10.20 08:26 B c:\WINNT\Profiles\jamesw\Personal\katmandu\hebrew\hebgifs\h23.gif --> infoshare1 /infoweb/cat_man/katmandu/hebrew/hebgifs h23.gif
98.10.20 08:26 B c:\WINNT\Profiles\jamesw\Personal\katmandu\hebrew\hebgifs\h24.gif --> infoshare1 /infoweb/cat_man/katmandu/hebrew/hebgifs h24.gif
98.10.20 08:26 B c:\WINNT\Profiles\jamesw\Personal\katmandu\hebrew\hebgifs\h25.gif --> infoshare1 /infoweb/cat_man/katmandu/hebrew/hebgifs h25.gif
98.10.20 08:26 B c:\WINNT\Profiles\jamesw\Personal\katmandu\hebrew\hebgifs\h3.gif --> infoshare1 /infoweb/cat_man/katmandu/hebrew/hebgifs h3.gif
98.10.20 08:26 B c:\WINNT\Profiles\jamesw\Personal\katmandu\hebrew\hebgifs\h4.gif --> infoshare1 /infoweb/cat_man/katmandu/hebrew/hebgifs h4.gif
98.10.20 08:26 B c:\WINNT\Profiles\jamesw\Personal\katmandu\hebrew\hebgifs\h5.gif --> infoshare1 /infoweb/cat_man/katmandu/hebrew/hebgifs h5.gif
98.10.20 08:26 B c:\WINNT\Profiles\jamesw\Personal\katmandu\hebrew\hebgifs\h6.gif --> infoshare1 /infoweb/cat_man/katmandu/hebrew/hebgifs h6.gif
98.10.20 08:26 B c:\WINNT\Profiles\jamesw\Personal\katmandu\hebrew\hebgifs\h7.gif --> infoshare1 /infoweb/cat_man/katmandu/hebrew/hebgifs h7.gif
98.10.20 08:26 B c:\WINNT\Profiles\jamesw\Personal\katmandu\hebrew\hebgifs\h8.gif --> infoshare1 /infoweb/cat_man/katmandu/hebrew/hebgifs h8.gif
98.10.20 08:26 B c:\WINNT\Profiles\jamesw\Personal\katmandu\hebrew\hebgifs\h9.gif --> infoshare1 /infoweb/cat_man/katmandu/hebrew/hebgifs h9.gif
98.10.20 08:26 B c:\WINNT\Profiles\jamesw\Personal\katmandu\hebrew\hebgifs\hcap.gif --> infoshare1 /infoweb/cat_man/katmandu/hebrew/hebgifs hcap.gif
98.10.20 08:26 B c:\WINNT\Profiles\jamesw\Personal\katmandu\hebrew\hebgifs\hdot.gif --> infoshare1 /infoweb/cat_man/katmandu/hebrew/hebgifs hdot.gif
98.10.20 08:26 B c:\WINNT\Profiles\jamesw\Personal\katmandu\hebrew\hebgifs\hdotc.gif --> infoshare1 /infoweb/cat_man/katmandu/hebrew/hebgifs hdotc.gif
98.10.20 08:26 B c:\WINNT\Profiles\jamesw\Personal\katmandu\hebrew\hebgifs\he.gif --> infoshare1 /infoweb/cat_man/katmandu/hebrew/hebgifs he.gif
98.10.20 08:26 B c:\WINNT\Profiles\jamesw\Personal\katmandu\hebrew\hebgifs\heback.gif --> infoshare1 /infoweb/cat_man/katmandu/hebrew/hebgifs heback.gif
98.10.20 08:26 B c:\WINNT\Profiles\jamesw\Personal\katmandu\hebrew\hebgifs\het.gif --> infoshare1 /infoweb/cat_man/katmandu/hebrew/hebgifs het.gif
98.10.20 08:26 B c:\WINNT\Profiles\jamesw\Personal\katmandu\hebrew\hebgifs\hirik.gif --> infoshare1 /infoweb/cat_man/katmandu/hebrew/hebgifs hirik.gif
98.10.20 08:27 B c:\WINNT\Profiles\jamesw\Personal\katmandu\hebrew\hebgifs\holam.gif --> infoshare1 /infoweb/cat_man/katmandu/hebrew/hebgifs holam.gif
98.10.20 08:27 B c:\WINNT\Profiles\jamesw\Personal\katmandu\hebrew\hebgifs\holam2.gif --> infoshare1 /infoweb/cat_man/katmandu/hebrew/hebgifs holam2.gif
98.10.20 08:27 B c:\WINNT\Profiles\jamesw\Personal\katmandu\hebrew\hebgifs\k1.gif --> infoshare1 /infoweb/cat_man/katmandu/hebrew/hebgifs k1.gif
98.10.20 08:27 B c:\WINNT\Profiles\jamesw\Personal\katmandu\hebrew\hebgifs\k2.gif --> infoshare1 /infoweb/cat_man/katmandu/hebrew/hebgifs k2.gif
98.10.20 08:27 B c:\WINNT\Profiles\jamesw\Personal\katmandu\hebrew\hebgifs\k3.gif --> infoshare1 /infoweb/cat_man/katmandu/hebrew/hebgifs k3.gif
98.10.20 08:27 B c:\WINNT\Profiles\jamesw\Personal\katmandu\hebrew\hebgifs\k4.gif --> infoshare1 /infoweb/cat_man/katmandu/hebrew/hebgifs k4.gif
98.10.20 08:27 B c:\WINNT\Profiles\jamesw\Personal\katmandu\hebrew\hebgifs\k5.gif --> infoshare1 /infoweb/cat_man/katmandu/hebrew/hebgifs k5.gif
98.10.20 08:27 B c:\WINNT\Profiles\jamesw\Personal\katmandu\hebrew\hebgifs\k6.gif --> infoshare1 /infoweb/cat_man/katmandu/hebrew/hebgifs k6.gif
98.10.20 08:27 B c:\WINNT\Profiles\jamesw\Personal\katmandu\hebrew\hebgifs\k7.gif --> infoshare1 /infoweb/cat_man/katmandu/hebrew/hebgifs k7.gif
98.10.20 08:27 B c:\WINNT\Profiles\jamesw\Personal\katmandu\hebrew\hebgifs\kaf.gif --> infoshare1 /infoweb/cat_man/katmandu/hebrew/hebgifs kaf.gif
98.10.20 08:27 B c:\WINNT\Profiles\jamesw\Personal\katmandu\hebrew\hebgifs\kaff.gif --> infoshare1 /infoweb/cat_man/katmandu/hebrew/hebgifs kaff.gif
98.10.20 08:27 B c:\WINNT\Profiles\jamesw\Personal\katmandu\hebrew\hebgifs\kamats.gif --> infoshare1 /infoweb/cat_man/katmandu/hebrew/hebgifs kamats.gif
98.10.20 08:27 B c:\WINNT\Profiles\jamesw\Personal\katmandu\hebrew\hebgifs\kamats2.gif --> infoshare1 /infoweb/cat_man/katmandu/hebrew/hebgifs kamats2.gif
98.10.20 08:27 B c:\WINNT\Profiles\jamesw\Personal\katmandu\hebrew\hebgifs\kcap.gif --> infoshare1 /infoweb/cat_man/katmandu/hebrew/hebgifs kcap.gif
98.10.20 08:27 B c:\WINNT\Profiles\jamesw\Personal\katmandu\hebrew\hebgifs\kdot.gif --> infoshare1 /infoweb/cat_man/katmandu/hebrew/hebgifs kdot.gif
98.10.20 08:27 B c:\WINNT\Profiles\jamesw\Personal\katmandu\hebrew\hebgifs\kdotc.gif --> infoshare1 /infoweb/cat_man/katmandu/hebrew/hebgifs kdotc.gif
98.10.20 08:27 B c:\WINNT\Profiles\jamesw\Personal\katmandu\hebrew\hebgifs\khaf.gif --> infoshare1 /infoweb/cat_man/katmandu/hebrew/hebgifs khaf.gif
98.10.20 08:27 B c:\WINNT\Profiles\jamesw\Personal\katmandu\hebrew\hebgifs\khaff.gif --> infoshare1 /infoweb/cat_man/katmandu/hebrew/hebgifs khaff.gif
98.10.20 08:27 B c:\WINNT\Profiles\jamesw\Personal\katmandu\hebrew\hebgifs\kof.gif --> infoshare1 /infoweb/cat_man/katmandu/hebrew/hebgifs kof.gif
98.10.20 08:27 B c:\WINNT\Profiles\jamesw\Personal\katmandu\hebrew\hebgifs\kubuts.gif --> infoshare1 /infoweb/cat_man/katmandu/hebrew/hebgifs kubuts.gif
98.10.20 08:27 B c:\WINNT\Profiles\jamesw\Personal\katmandu\hebrew\hebgifs\kuf1.gif --> infoshare1 /infoweb/cat_man/katmandu/hebrew/hebgifs kuf1.gif
98.10.20 08:27 B c:\WINNT\Profiles\jamesw\Personal\katmandu\hebrew\hebgifs\kufcap.gif --> infoshare1 /infoweb/cat_man/katmandu/hebrew/hebgifs kufcap.gif
98.10.20 08:27 B c:\WINNT\Profiles\jamesw\Personal\katmandu\hebrew\hebgifs\lamed.gif --> infoshare1 /infoweb/cat_man/katmandu/hebrew/hebgifs lamed.gif
98.10.20 08:27 B c:\WINNT\Profiles\jamesw\Personal\katmandu\hebrew\hebgifs\lbrack.gif --> infoshare1 /infoweb/cat_man/katmandu/hebrew/hebgifs lbrack.gif
98.10.20 08:27 B c:\WINNT\Profiles\jamesw\Personal\katmandu\hebrew\hebgifs\lcap.gif --> infoshare1 /infoweb/cat_man/katmandu/hebrew/hebgifs lcap.gif
98.10.20 08:27 B c:\WINNT\Profiles\jamesw\Personal\katmandu\hebrew\hebgifs\lparen.gif --> infoshare1 /infoweb/cat_man/katmandu/hebrew/hebgifs lparen.gif
98.10.20 08:27 B c:\WINNT\Profiles\jamesw\Personal\katmandu\hebrew\hebgifs\m1.gif --> infoshare1 /infoweb/cat_man/katmandu/hebrew/hebgifs m1.gif
98.10.20 08:27 B c:\WINNT\Profiles\jamesw\Personal\katmandu\hebrew\hebgifs\m10.gif --> infoshare1 /infoweb/cat_man/katmandu/hebrew/hebgifs m10.gif
98.10.20 08:27 B c:\WINNT\Profiles\jamesw\Personal\katmandu\hebrew\hebgifs\m11.gif --> infoshare1 /infoweb/cat_man/katmandu/hebrew/hebgifs m11.gif
98.10.20 08:27 B c:\WINNT\Profiles\jamesw\Personal\katmandu\hebrew\hebgifs\m11a.gif --> infoshare1 /infoweb/cat_man/katmandu/hebrew/hebgifs m11a.gif
98.10.20 08:27 B c:\WINNT\Profiles\jamesw\Personal\katmandu\hebrew\hebgifs\m12.gif --> infoshare1 /infoweb/cat_man/katmandu/hebrew/hebgifs m12.gif
98.10.20 08:27 B c:\WINNT\Profiles\jamesw\Personal\katmandu\hebrew\hebgifs\m12a.gif --> infoshare1 /infoweb/cat_man/katmandu/hebrew/hebgifs m12a.gif
98.10.20 08:27 B c:\WINNT\Profiles\jamesw\Personal\katmandu\hebrew\hebgifs\m13.gif --> infoshare1 /infoweb/cat_man/katmandu/hebrew/hebgifs m13.gif
98.10.20 08:27 B c:\WINNT\Profiles\jamesw\Personal\katmandu\hebrew\hebgifs\m14.gif --> infoshare1 /infoweb/cat_man/katmandu/hebrew/hebgifs m14.gif
98.10.20 08:27 B c:\WINNT\Profiles\jamesw\Personal\katmandu\hebrew\hebgifs\m15.gif --> infoshare1 /infoweb/cat_man/katmandu/hebrew/hebgifs m15.gif
98.10.20 08:27 B c:\WINNT\Profiles\jamesw\Personal\katmandu\hebrew\hebgifs\m16.gif --> infoshare1 /infoweb/cat_man/katmandu/hebrew/hebgifs m16.gif
98.10.20 08:27 B c:\WINNT\Profiles\jamesw\Personal\katmandu\hebrew\hebgifs\m2.gif --> infoshare1 /infoweb/cat_man/katmandu/hebrew/hebgifs m2.gif
98.10.20 08:27 B c:\WINNT\Profiles\jamesw\Personal\katmandu\hebrew\hebgifs\m3.gif --> infoshare1 /infoweb/cat_man/katmandu/hebrew/hebgifs m3.gif
98.10.20 08:27 B c:\WINNT\Profiles\jamesw\Personal\katmandu\hebrew\hebgifs\m4.gif --> infoshare1 /infoweb/cat_man/katmandu/hebrew/hebgifs m4.gif
98.10.20 08:27 B c:\WINNT\Profiles\jamesw\Personal\katmandu\hebrew\hebgifs\m5.gif --> infoshare1 /infoweb/cat_man/katmandu/hebrew/hebgifs m5.gif
98.10.20 08:27 B c:\WINNT\Profiles\jamesw\Personal\katmandu\hebrew\hebgifs\m6.gif --> infoshare1 /infoweb/cat_man/katmandu/hebrew/hebgifs m6.gif
98.10.20 08:27 B c:\WINNT\Profiles\jamesw\Personal\katmandu\hebrew\hebgifs\m7.gif --> infoshare1 /infoweb/cat_man/katmandu/hebrew/hebgifs m7.gif
98.10.20 08:27 B c:\WINNT\Profiles\jamesw\Personal\katmandu\hebrew\hebgifs\m8.gif --> infoshare1 /infoweb/cat_man/katmandu/hebrew/hebgifs m8.gif
98.10.20 08:27 B c:\WINNT\Profiles\jamesw\Personal\katmandu\hebrew\hebgifs\m9.gif --> infoshare1 /infoweb/cat_man/katmandu/hebrew/hebgifs m9.gif
98.10.20 08:27 B c:\WINNT\Profiles\jamesw\Personal\katmandu\hebrew\hebgifs\mcap.gif --> infoshare1 /infoweb/cat_man/katmandu/hebrew/hebgifs mcap.gif
98.10.20 08:27 B c:\WINNT\Profiles\jamesw\Personal\katmandu\hebrew\hebgifs\mem.gif --> infoshare1 /infoweb/cat_man/katmandu/hebrew/hebgifs mem.gif
98.10.20 08:27 B c:\WINNT\Profiles\jamesw\Personal\katmandu\hebrew\hebgifs\memf.gif --> infoshare1 /infoweb/cat_man/katmandu/hebrew/hebgifs memf.gif
98.10.20 08:27 B c:\WINNT\Profiles\jamesw\Personal\katmandu\hebrew\hebgifs\n1.gif --> infoshare1 /infoweb/cat_man/katmandu/hebrew/hebgifs n1.gif
98.10.20 08:27 B c:\WINNT\Profiles\jamesw\Personal\katmandu\hebrew\hebgifs\n2.gif --> infoshare1 /infoweb/cat_man/katmandu/hebrew/hebgifs n2.gif
98.10.20 08:27 B c:\WINNT\Profiles\jamesw\Personal\katmandu\hebrew\hebgifs\n3.gif --> infoshare1 /infoweb/cat_man/katmandu/hebrew/hebgifs n3.gif
98.10.20 08:27 B c:\WINNT\Profiles\jamesw\Personal\katmandu\hebrew\hebgifs\n4.gif --> infoshare1 /infoweb/cat_man/katmandu/hebrew/hebgifs n4.gif
98.10.20 08:27 B c:\WINNT\Profiles\jamesw\Personal\katmandu\hebrew\hebgifs\n5.gif --> infoshare1 /infoweb/cat_man/katmandu/hebrew/hebgifs n5.gif
98.10.20 08:27 B c:\WINNT\Profiles\jamesw\Personal\katmandu\hebrew\hebgifs\n6.gif --> infoshare1 /infoweb/cat_man/katmandu/hebrew/hebgifs n6.gif
98.10.20 08:27 B c:\WINNT\Profiles\jamesw\Personal\katmandu\hebrew\hebgifs\n7.gif --> infoshare1 /infoweb/cat_man/katmandu/hebrew/hebgifs n7.gif
98.10.20 08:27 B c:\WINNT\Profiles\jamesw\Personal\katmandu\hebrew\hebgifs\n8.gif --> infoshare1 /infoweb/cat_man/katmandu/hebrew/hebgifs n8.gif
98.10.20 08:27 B c:\WINNT\Profiles\jamesw\Personal\katmandu\hebrew\hebgifs\n9.gif --> infoshare1 /infoweb/cat_man/katmandu/hebrew/hebgifs n9.gif
98.10.20 08:27 B c:\WINNT\Profiles\jamesw\Personal\katmandu\hebrew\hebgifs\ncap.gif --> infoshare1 /infoweb/cat_man/katmandu/hebrew/hebgifs ncap.gif
98.10.20 08:27 B c:\WINNT\Profiles\jamesw\Personal\katmandu\hebrew\hebgifs\nun.gif --> infoshare1 /infoweb/cat_man/katmandu/hebrew/hebgifs nun.gif
98.10.20 08:27 B c:\WINNT\Profiles\jamesw\Personal\katmandu\hebrew\hebgifs\nunf.gif --> infoshare1 /infoweb/cat_man/katmandu/hebrew/hebgifs nunf.gif
98.10.20 08:28 B c:\WINNT\Profiles\jamesw\Personal\katmandu\hebrew\hebgifs\patah.gif --> infoshare1 /infoweb/cat_man/katmandu/hebrew/hebgifs patah.gif
98.10.20 08:28 B c:\WINNT\Profiles\jamesw\Personal\katmandu\hebrew\hebgifs\patah2.gif --> infoshare1 /infoweb/cat_man/katmandu/hebrew/hebgifs patah2.gif
98.10.20 08:28 B c:\WINNT\Profiles\jamesw\Personal\katmandu\hebrew\hebgifs\pcap.gif --> infoshare1 /infoweb/cat_man/katmandu/hebrew/hebgifs pcap.gif
98.10.20 08:28 B c:\WINNT\Profiles\jamesw\Personal\katmandu\hebrew\hebgifs\peh.gif --> infoshare1 /infoweb/cat_man/katmandu/hebrew/hebgifs peh.gif
98.10.20 08:28 B c:\WINNT\Profiles\jamesw\Personal\katmandu\hebrew\hebgifs\pehf.gif --> infoshare1 /infoweb/cat_man/katmandu/hebrew/hebgifs pehf.gif
98.10.20 08:28 B c:\WINNT\Profiles\jamesw\Personal\katmandu\hebrew\hebgifs\perach.gif --> infoshare1 /infoweb/cat_man/katmandu/hebrew/hebgifs perach.gif
98.10.20 08:28 B c:\WINNT\Profiles\jamesw\Personal\katmandu\hebrew\hebgifs\perak1.gif --> infoshare1 /infoweb/cat_man/katmandu/hebrew/hebgifs perak1.gif
98.10.20 08:28 B c:\WINNT\Profiles\jamesw\Personal\katmandu\hebrew\hebgifs\perak2.gif --> infoshare1 /infoweb/cat_man/katmandu/hebrew/hebgifs perak2.gif
98.10.20 08:28 B c:\WINNT\Profiles\jamesw\Personal\katmandu\hebrew\hebgifs\perakb1.gif --> infoshare1 /infoweb/cat_man/katmandu/hebrew/hebgifs perakb1.gif
98.10.20 08:28 B c:\WINNT\Profiles\jamesw\Personal\katmandu\hebrew\hebgifs\perakb2.gif --> infoshare1 /infoweb/cat_man/katmandu/hebrew/hebgifs perakb2.gif
98.10.20 08:28 B c:\WINNT\Profiles\jamesw\Personal\katmandu\hebrew\hebgifs\perakd.gif --> infoshare1 /infoweb/cat_man/katmandu/hebrew/hebgifs perakd.gif
98.10.20 08:28 B c:\WINNT\Profiles\jamesw\Personal\katmandu\hebrew\hebgifs\perakg.gif --> infoshare1 /infoweb/cat_man/katmandu/hebrew/hebgifs perakg.gif
98.10.20 08:28 B c:\WINNT\Profiles\jamesw\Personal\katmandu\hebrew\hebgifs\perakh1.gif --> infoshare1 /infoweb/cat_man/katmandu/hebrew/hebgifs perakh1.gif
98.10.20 08:28 B c:\WINNT\Profiles\jamesw\Personal\katmandu\hebrew\hebgifs\perakh2.gif --> infoshare1 /infoweb/cat_man/katmandu/hebrew/hebgifs perakh2.gif
98.10.20 08:28 B c:\WINNT\Profiles\jamesw\Personal\katmandu\hebrew\hebgifs\perakk1.gif --> infoshare1 /infoweb/cat_man/katmandu/hebrew/hebgifs perakk1.gif
98.10.20 08:28 B c:\WINNT\Profiles\jamesw\Personal\katmandu\hebrew\hebgifs\perakk2.gif --> infoshare1 /infoweb/cat_man/katmandu/hebrew/hebgifs perakk2.gif
98.10.20 08:28 B c:\WINNT\Profiles\jamesw\Personal\katmandu\hebrew\hebgifs\perakr.gif --> infoshare1 /infoweb/cat_man/katmandu/hebrew/hebgifs perakr.gif
98.10.20 08:28 B c:\WINNT\Profiles\jamesw\Personal\katmandu\hebrew\hebgifs\peraksh1.gif --> infoshare1 /infoweb/cat_man/katmandu/hebrew/hebgifs peraksh1.gif
98.10.20 08:28 B c:\WINNT\Profiles\jamesw\Personal\katmandu\hebrew\hebgifs\peraksh2.gif --> infoshare1 /infoweb/cat_man/katmandu/hebrew/hebgifs peraksh2.gif
98.10.20 08:28 B c:\WINNT\Profiles\jamesw\Personal\katmandu\hebrew\hebgifs\perakt1.gif --> infoshare1 /infoweb/cat_man/katmandu/hebrew/hebgifs perakt1.gif
98.10.20 08:28 B c:\WINNT\Profiles\jamesw\Personal\katmandu\hebrew\hebgifs\perakt2.gif --> infoshare1 /infoweb/cat_man/katmandu/hebrew/hebgifs perakt2.gif
98.10.20 08:28 B c:\WINNT\Profiles\jamesw\Personal\katmandu\hebrew\hebgifs\perakuf.gif --> infoshare1 /infoweb/cat_man/katmandu/hebrew/hebgifs perakuf.gif
98.10.20 08:28 B c:\WINNT\Profiles\jamesw\Personal\katmandu\hebrew\hebgifs\perakv.gif --> infoshare1 /infoweb/cat_man/katmandu/hebrew/hebgifs perakv.gif
98.10.20 08:28 B c:\WINNT\Profiles\jamesw\Personal\katmandu\hebrew\hebgifs\peral.gif --> infoshare1 /infoweb/cat_man/katmandu/hebrew/hebgifs peral.gif
98.10.20 08:28 B c:\WINNT\Profiles\jamesw\Personal\katmandu\hebrew\hebgifs\peram1.gif --> infoshare1 /infoweb/cat_man/katmandu/hebrew/hebgifs peram1.gif
98.10.20 08:28 B c:\WINNT\Profiles\jamesw\Personal\katmandu\hebrew\hebgifs\peram2.gif --> infoshare1 /infoweb/cat_man/katmandu/hebrew/hebgifs peram2.gif
98.10.20 08:28 B c:\WINNT\Profiles\jamesw\Personal\katmandu\hebrew\hebgifs\peran.gif --> infoshare1 /infoweb/cat_man/katmandu/hebrew/hebgifs peran.gif
98.10.20 08:28 B c:\WINNT\Profiles\jamesw\Personal\katmandu\hebrew\hebgifs\perap.gif --> infoshare1 /infoweb/cat_man/katmandu/hebrew/hebgifs perap.gif
98.10.20 08:28 B c:\WINNT\Profiles\jamesw\Personal\katmandu\hebrew\hebgifs\peras.gif --> infoshare1 /infoweb/cat_man/katmandu/hebrew/hebgifs peras.gif
98.10.20 08:28 B c:\WINNT\Profiles\jamesw\Personal\katmandu\hebrew\hebgifs\peratet.gif --> infoshare1 /infoweb/cat_man/katmandu/hebrew/hebgifs peratet.gif
98.10.20 08:28 B c:\WINNT\Profiles\jamesw\Personal\katmandu\hebrew\hebgifs\perats.gif --> infoshare1 /infoweb/cat_man/katmandu/hebrew/hebgifs perats.gif
98.10.20 08:28 B c:\WINNT\Profiles\jamesw\Personal\katmandu\hebrew\hebgifs\peray.gif --> infoshare1 /infoweb/cat_man/katmandu/hebrew/hebgifs peray.gif
98.10.20 08:29 B c:\WINNT\Profiles\jamesw\Personal\katmandu\hebrew\hebgifs\peray1.gif --> infoshare1 /infoweb/cat_man/katmandu/hebrew/hebgifs peray1.gif
98.10.20 08:29 B c:\WINNT\Profiles\jamesw\Personal\katmandu\hebrew\hebgifs\peray2.gif --> infoshare1 /infoweb/cat_man/katmandu/hebrew/hebgifs peray2.gif
98.10.20 08:29 B c:\WINNT\Profiles\jamesw\Personal\katmandu\hebrew\hebgifs\peraz.gif --> infoshare1 /infoweb/cat_man/katmandu/hebrew/hebgifs peraz.gif
98.10.20 08:29 B c:\WINNT\Profiles\jamesw\Personal\katmandu\hebrew\hebgifs\permarq.gif --> infoshare1 /infoweb/cat_man/katmandu/hebrew/hebgifs permarq.gif
98.10.20 08:29 B c:\WINNT\Profiles\jamesw\Personal\katmandu\hebrew\hebgifs\rbrack.gif --> infoshare1 /infoweb/cat_man/katmandu/hebrew/hebgifs rbrack.gif
98.10.20 08:29 B c:\WINNT\Profiles\jamesw\Personal\katmandu\hebrew\hebgifs\rcap.gif --> infoshare1 /infoweb/cat_man/katmandu/hebrew/hebgifs rcap.gif
98.10.20 08:29 B c:\WINNT\Profiles\jamesw\Personal\katmandu\hebrew\hebgifs\resh.gif --> infoshare1 /infoweb/cat_man/katmandu/hebrew/hebgifs resh.gif
98.10.20 08:29 B c:\WINNT\Profiles\jamesw\Personal\katmandu\hebrew\hebgifs\rparen.gif --> infoshare1 /infoweb/cat_man/katmandu/hebrew/hebgifs rparen.gif
98.10.20 08:29 B c:\WINNT\Profiles\jamesw\Personal\katmandu\hebrew\hebgifs\s1.gif --> infoshare1 /infoweb/cat_man/katmandu/hebrew/hebgifs s1.gif
98.10.20 08:29 B c:\WINNT\Profiles\jamesw\Personal\katmandu\hebrew\hebgifs\s2.gif --> infoshare1 /infoweb/cat_man/katmandu/hebrew/hebgifs s2.gif
98.10.20 08:29 B c:\WINNT\Profiles\jamesw\Personal\katmandu\hebrew\hebgifs\s3.gif --> infoshare1 /infoweb/cat_man/katmandu/hebrew/hebgifs s3.gif
98.10.20 08:29 B c:\WINNT\Profiles\jamesw\Personal\katmandu\hebrew\hebgifs\samekh.gif --> infoshare1 /infoweb/cat_man/katmandu/hebrew/hebgifs samekh.gif
98.10.20 08:29 B c:\WINNT\Profiles\jamesw\Personal\katmandu\hebrew\hebgifs\scap.gif --> infoshare1 /infoweb/cat_man/katmandu/hebrew/hebgifs scap.gif
98.10.20 08:29 B c:\WINNT\Profiles\jamesw\Personal\katmandu\hebrew\hebgifs\segol.gif --> infoshare1 /infoweb/cat_man/katmandu/hebrew/hebgifs segol.gif
98.10.20 08:29 B c:\WINNT\Profiles\jamesw\Personal\katmandu\hebrew\hebgifs\segol2.gif --> infoshare1 /infoweb/cat_man/katmandu/hebrew/hebgifs segol2.gif
98.10.20 08:30 B c:\WINNT\Profiles\jamesw\Personal\katmandu\hebrew\hebgifs\sh.gif --> infoshare1 /infoweb/cat_man/katmandu/hebrew/hebgifs sh.gif
98.10.20 08:30 B c:\WINNT\Profiles\jamesw\Personal\katmandu\hebrew\hebgifs\sh1.gif --> infoshare1 /infoweb/cat_man/katmandu/hebrew/hebgifs sh1.gif
98.10.20 08:30 B c:\WINNT\Profiles\jamesw\Personal\katmandu\hebrew\hebgifs\sh2.gif --> infoshare1 /infoweb/cat_man/katmandu/hebrew/hebgifs sh2.gif
98.10.20 08:30 B c:\WINNT\Profiles\jamesw\Personal\katmandu\hebrew\hebgifs\sh3.gif --> infoshare1 /infoweb/cat_man/katmandu/hebrew/hebgifs sh3.gif
98.10.20 08:30 B c:\WINNT\Profiles\jamesw\Personal\katmandu\hebrew\hebgifs\sh4.gif --> infoshare1 /infoweb/cat_man/katmandu/hebrew/hebgifs sh4.gif
98.10.20 08:30 B c:\WINNT\Profiles\jamesw\Personal\katmandu\hebrew\hebgifs\sh5.gif --> infoshare1 /infoweb/cat_man/katmandu/hebrew/hebgifs sh5.gif
98.10.20 08:30 B c:\WINNT\Profiles\jamesw\Personal\katmandu\hebrew\hebgifs\sh6.gif --> infoshare1 /infoweb/cat_man/katmandu/hebrew/hebgifs sh6.gif
98.10.20 08:30 B c:\WINNT\Profiles\jamesw\Personal\katmandu\hebrew\hebgifs\sh7.gif --> infoshare1 /infoweb/cat_man/katmandu/hebrew/hebgifs sh7.gif
98.10.20 08:30 B c:\WINNT\Profiles\jamesw\Personal\katmandu\hebrew\hebgifs\sh8.gif --> infoshare1 /infoweb/cat_man/katmandu/hebrew/hebgifs sh8.gif
98.10.20 08:30 B c:\WINNT\Profiles\jamesw\Personal\katmandu\hebrew\hebgifs\shcap.gif --> infoshare1 /infoweb/cat_man/katmandu/hebrew/hebgifs shcap.gif
98.10.20 08:30 B c:\WINNT\Profiles\jamesw\Personal\katmandu\hebrew\hebgifs\sheva.gif --> infoshare1 /infoweb/cat_man/katmandu/hebrew/hebgifs sheva.gif
98.10.20 08:30 B c:\WINNT\Profiles\jamesw\Personal\katmandu\hebrew\hebgifs\shin.gif --> infoshare1 /infoweb/cat_man/katmandu/hebrew/hebgifs shin.gif
98.10.20 08:30 B c:\WINNT\Profiles\jamesw\Personal\katmandu\hebrew\hebgifs\shuruk.gif --> infoshare1 /infoweb/cat_man/katmandu/hebrew/hebgifs shuruk.gif
98.10.20 08:30 B c:\WINNT\Profiles\jamesw\Personal\katmandu\hebrew\hebgifs\sin.gif --> infoshare1 /infoweb/cat_man/katmandu/hebrew/hebgifs sin.gif
98.10.20 08:30 B c:\WINNT\Profiles\jamesw\Personal\katmandu\hebrew\hebgifs\slin.gif --> infoshare1 /infoweb/cat_man/katmandu/hebrew/hebgifs slin.gif
98.10.20 08:30 B c:\WINNT\Profiles\jamesw\Personal\katmandu\hebrew\hebgifs\slinc.gif --> infoshare1 /infoweb/cat_man/katmandu/hebrew/hebgifs slinc.gif
98.10.20 08:30 B c:\WINNT\Profiles\jamesw\Personal\katmandu\hebrew\hebgifs\space.gif --> infoshare1 /infoweb/cat_man/katmandu/hebrew/hebgifs space.gif
98.10.20 08:30 B c:\WINNT\Profiles\jamesw\Personal\katmandu\hebrew\hebgifs\ssin.gif --> infoshare1 /infoweb/cat_man/katmandu/hebrew/hebgifs ssin.gif
98.10.20 08:30 B c:\WINNT\Profiles\jamesw\Personal\katmandu\hebrew\hebgifs\t.gif --> infoshare1 /infoweb/cat_man/katmandu/hebrew/hebgifs t.gif
98.10.20 08:30 B c:\WINNT\Profiles\jamesw\Personal\katmandu\hebrew\hebgifs\t1.gif --> infoshare1 /infoweb/cat_man/katmandu/hebrew/hebgifs t1.gif
98.10.20 08:30 B c:\WINNT\Profiles\jamesw\Personal\katmandu\hebrew\hebgifs\t10.gif --> infoshare1 /infoweb/cat_man/katmandu/hebrew/hebgifs t10.gif
98.10.20 08:30 B c:\WINNT\Profiles\jamesw\Personal\katmandu\hebrew\hebgifs\t2.gif --> infoshare1 /infoweb/cat_man/katmandu/hebrew/hebgifs t2.gif
98.10.20 08:30 B c:\WINNT\Profiles\jamesw\Personal\katmandu\hebrew\hebgifs\t3.gif --> infoshare1 /infoweb/cat_man/katmandu/hebrew/hebgifs t3.gif
98.10.20 08:30 B c:\WINNT\Profiles\jamesw\Personal\katmandu\hebrew\hebgifs\t4.gif --> infoshare1 /infoweb/cat_man/katmandu/hebrew/hebgifs t4.gif
98.10.20 08:30 B c:\WINNT\Profiles\jamesw\Personal\katmandu\hebrew\hebgifs\t5.gif --> infoshare1 /infoweb/cat_man/katmandu/hebrew/hebgifs t5.gif
98.10.20 08:30 B c:\WINNT\Profiles\jamesw\Personal\katmandu\hebrew\hebgifs\t6.gif --> infoshare1 /infoweb/cat_man/katmandu/hebrew/hebgifs t6.gif
98.10.20 08:30 B c:\WINNT\Profiles\jamesw\Personal\katmandu\hebrew\hebgifs\t7.gif --> infoshare1 /infoweb/cat_man/katmandu/hebrew/hebgifs t7.gif
98.10.20 08:30 B c:\WINNT\Profiles\jamesw\Personal\katmandu\hebrew\hebgifs\t8.gif --> infoshare1 /infoweb/cat_man/katmandu/hebrew/hebgifs t8.gif
98.10.20 08:30 B c:\WINNT\Profiles\jamesw\Personal\katmandu\hebrew\hebgifs\t9.gif --> infoshare1 /infoweb/cat_man/katmandu/hebrew/hebgifs t9.gif
98.10.20 08:30 B c:\WINNT\Profiles\jamesw\Personal\katmandu\hebrew\hebgifs\tav.gif --> infoshare1 /infoweb/cat_man/katmandu/hebrew/hebgifs tav.gif
98.10.20 08:30 B c:\WINNT\Profiles\jamesw\Personal\katmandu\hebrew\hebgifs\tcap.gif --> infoshare1 /infoweb/cat_man/katmandu/hebrew/hebgifs tcap.gif
98.10.20 08:30 B c:\WINNT\Profiles\jamesw\Personal\katmandu\hebrew\hebgifs\tdot.gif --> infoshare1 /infoweb/cat_man/katmandu/hebrew/hebgifs tdot.gif
98.10.20 08:30 B c:\WINNT\Profiles\jamesw\Personal\katmandu\hebrew\hebgifs\tdotc.gif --> infoshare1 /infoweb/cat_man/katmandu/hebrew/hebgifs tdotc.gif
98.10.20 08:30 B c:\WINNT\Profiles\jamesw\Personal\katmandu\hebrew\hebgifs\tet.gif --> infoshare1 /infoweb/cat_man/katmandu/hebrew/hebgifs tet.gif
98.10.20 08:30 B c:\WINNT\Profiles\jamesw\Personal\katmandu\hebrew\hebgifs\tet1.gif --> infoshare1 /infoweb/cat_man/katmandu/hebrew/hebgifs tet1.gif
98.10.20 08:30 B c:\WINNT\Profiles\jamesw\Personal\katmandu\hebrew\hebgifs\tetcap.gif --> infoshare1 /infoweb/cat_man/katmandu/hebrew/hebgifs tetcap.gif
98.10.20 08:30 B c:\WINNT\Profiles\jamesw\Personal\katmandu\hebrew\hebgifs\thav.gif --> infoshare1 /infoweb/cat_man/katmandu/hebrew/hebgifs thav.gif
98.10.20 08:30 B c:\WINNT\Profiles\jamesw\Personal\katmandu\hebrew\hebgifs\ts1.gif --> infoshare1 /infoweb/cat_man/katmandu/hebrew/hebgifs ts1.gif
98.10.20 08:30 B c:\WINNT\Profiles\jamesw\Personal\katmandu\hebrew\hebgifs\tsadcap.gif --> infoshare1 /infoweb/cat_man/katmandu/hebrew/hebgifs tsadcap.gif
98.10.20 08:30 B c:\WINNT\Profiles\jamesw\Personal\katmandu\hebrew\hebgifs\tsadi.gif --> infoshare1 /infoweb/cat_man/katmandu/hebrew/hebgifs tsadi.gif
98.10.20 08:30 B c:\WINNT\Profiles\jamesw\Personal\katmandu\hebrew\hebgifs\tsadif.gif --> infoshare1 /infoweb/cat_man/katmandu/hebrew/hebgifs tsadif.gif
98.10.20 08:30 B c:\WINNT\Profiles\jamesw\Personal\katmandu\hebrew\hebgifs\tsereh.gif --> infoshare1 /infoweb/cat_man/katmandu/hebrew/hebgifs tsereh.gif
98.10.20 08:30 B c:\WINNT\Profiles\jamesw\Personal\katmandu\hebrew\hebgifs\v1.gif --> infoshare1 /infoweb/cat_man/katmandu/hebrew/hebgifs v1.gif
98.10.20 08:30 B c:\WINNT\Profiles\jamesw\Personal\katmandu\hebrew\hebgifs\vav.gif --> infoshare1 /infoweb/cat_man/katmandu/hebrew/hebgifs vav.gif
98.10.20 08:30 B c:\WINNT\Profiles\jamesw\Personal\katmandu\hebrew\hebgifs\vcap.gif --> infoshare1 /infoweb/cat_man/katmandu/hebrew/hebgifs vcap.gif
98.10.20 08:30 B c:\WINNT\Profiles\jamesw\Personal\katmandu\hebrew\hebgifs\vdot.gif --> infoshare1 /infoweb/cat_man/katmandu/hebrew/hebgifs vdot.gif
98.10.20 08:30 B c:\WINNT\Profiles\jamesw\Personal\katmandu\hebrew\hebgifs\vdotc.gif --> infoshare1 /infoweb/cat_man/katmandu/hebrew/hebgifs vdotc.gif
98.10.20 08:30 B c:\WINNT\Profiles\jamesw\Personal\katmandu\hebrew\hebgifs\vet.gif --> infoshare1 /infoweb/cat_man/katmandu/hebrew/hebgifs vet.gif
