102.09.24 09:32 B D:\web site 2\katmandu\designators\alphaa.html --> infoshare1.princeton.edu /home/httpd/html/katmandu/katmandu2/designators alphaa.html
102.09.24 09:32 B D:\web site 2\katmandu\designators\alphab.html --> infoshare1.princeton.edu /home/httpd/html/katmandu/katmandu2/designators alphab.html
102.09.24 09:32 B D:\web site 2\katmandu\designators\alphac.html --> infoshare1.princeton.edu /home/httpd/html/katmandu/katmandu2/designators alphac.html
102.09.24 09:32 B D:\web site 2\katmandu\designators\alphad.html --> infoshare1.princeton.edu /home/httpd/html/katmandu/katmandu2/designators alphad.html
102.09.24 09:32 B D:\web site 2\katmandu\designators\alphae.html --> infoshare1.princeton.edu /home/httpd/html/katmandu/katmandu2/designators alphae.html
102.09.24 09:32 B D:\web site 2\katmandu\designators\alphaf.html --> infoshare1.princeton.edu /home/httpd/html/katmandu/katmandu2/designators alphaf.html
102.09.24 09:32 B D:\web site 2\katmandu\designators\alphag.html --> infoshare1.princeton.edu /home/httpd/html/katmandu/katmandu2/designators alphag.html
102.09.24 09:32 B D:\web site 2\katmandu\designators\alphah.html --> infoshare1.princeton.edu /home/httpd/html/katmandu/katmandu2/designators alphah.html
102.09.24 09:32 B D:\web site 2\katmandu\designators\alphai.html --> infoshare1.princeton.edu /home/httpd/html/katmandu/katmandu2/designators alphai.html
102.09.24 09:32 B D:\web site 2\katmandu\designators\alphaj.html --> infoshare1.princeton.edu /home/httpd/html/katmandu/katmandu2/designators alphaj.html
102.09.24 09:32 B D:\web site 2\katmandu\designators\alphak.html --> infoshare1.princeton.edu /home/httpd/html/katmandu/katmandu2/designators alphak.html
102.09.24 09:32 B D:\web site 2\katmandu\designators\alphal.html --> infoshare1.princeton.edu /home/httpd/html/katmandu/katmandu2/designators alphal.html
102.09.24 09:32 B D:\web site 2\katmandu\designators\alpham.html --> infoshare1.princeton.edu /home/httpd/html/katmandu/katmandu2/designators alpham.html
102.09.24 09:32 B D:\web site 2\katmandu\designators\alphan.html --> infoshare1.princeton.edu /home/httpd/html/katmandu/katmandu2/designators alphan.html
102.09.24 09:32 B D:\web site 2\katmandu\designators\alphao.html --> infoshare1.princeton.edu /home/httpd/html/katmandu/katmandu2/designators alphao.html
102.09.24 09:32 B D:\web site 2\katmandu\designators\alphap.html --> infoshare1.princeton.edu /home/httpd/html/katmandu/katmandu2/designators alphap.html
102.09.24 09:32 B D:\web site 2\katmandu\designators\alphaq.html --> infoshare1.princeton.edu /home/httpd/html/katmandu/katmandu2/designators alphaq.html
102.09.24 09:32 B D:\web site 2\katmandu\designators\alphar.html --> infoshare1.princeton.edu /home/httpd/html/katmandu/katmandu2/designators alphar.html
102.09.24 09:32 B D:\web site 2\katmandu\designators\alphas.html --> infoshare1.princeton.edu /home/httpd/html/katmandu/katmandu2/designators alphas.html
102.09.24 09:32 B D:\web site 2\katmandu\designators\alphat.html --> infoshare1.princeton.edu /home/httpd/html/katmandu/katmandu2/designators alphat.html
102.09.24 09:32 B D:\web site 2\katmandu\designators\alphau.html --> infoshare1.princeton.edu /home/httpd/html/katmandu/katmandu2/designators alphau.html
102.09.24 09:32 B D:\web site 2\katmandu\designators\alphav.html --> infoshare1.princeton.edu /home/httpd/html/katmandu/katmandu2/designators alphav.html
102.09.24 09:32 B D:\web site 2\katmandu\designators\alphay.html --> infoshare1.princeton.edu /home/httpd/html/katmandu/katmandu2/designators alphay.html
102.09.24 09:32 B D:\web site 2\katmandu\designators\alphaz.html --> infoshare1.princeton.edu /home/httpd/html/katmandu/katmandu2/designators alphaz.html
102.09.24 09:32 B D:\web site 2\katmandu\designators\lanalb.html --> infoshare1.princeton.edu /home/httpd/html/katmandu/katmandu2/designators lanalb.html
102.09.24 09:32 B D:\web site 2\katmandu\designators\lanara.html --> infoshare1.princeton.edu /home/httpd/html/katmandu/katmandu2/designators lanara.html
102.09.24 09:32 B D:\web site 2\katmandu\designators\lanaze.html --> infoshare1.princeton.edu /home/httpd/html/katmandu/katmandu2/designators lanaze.html
102.09.24 09:32 B D:\web site 2\katmandu\designators\lanbel.html --> infoshare1.princeton.edu /home/httpd/html/katmandu/katmandu2/designators lanbel.html
102.09.24 09:32 B D:\web site 2\katmandu\designators\lanbul.html --> infoshare1.princeton.edu /home/httpd/html/katmandu/katmandu2/designators lanbul.html
102.09.24 09:32 B D:\web site 2\katmandu\designators\lancat.html --> infoshare1.princeton.edu /home/httpd/html/katmandu/katmandu2/designators lancat.html
102.09.24 09:32 B D:\web site 2\katmandu\designators\lancze.html --> infoshare1.princeton.edu /home/httpd/html/katmandu/katmandu2/designators lancze.html
102.09.24 09:32 B D:\web site 2\katmandu\designators\landan.html --> infoshare1.princeton.edu /home/httpd/html/katmandu/katmandu2/designators landan.html
102.09.24 09:32 B D:\web site 2\katmandu\designators\landut.html --> infoshare1.princeton.edu /home/httpd/html/katmandu/katmandu2/designators landut.html
102.09.24 09:32 B D:\web site 2\katmandu\designators\laneng.html --> infoshare1.princeton.edu /home/httpd/html/katmandu/katmandu2/designators laneng.html
102.09.24 09:32 B D:\web site 2\katmandu\designators\lanest.html --> infoshare1.princeton.edu /home/httpd/html/katmandu/katmandu2/designators lanest.html
102.09.24 09:32 B D:\web site 2\katmandu\designators\lanfin.html --> infoshare1.princeton.edu /home/httpd/html/katmandu/katmandu2/designators lanfin.html
102.09.24 09:32 B D:\web site 2\katmandu\designators\lanfre.html --> infoshare1.princeton.edu /home/httpd/html/katmandu/katmandu2/designators lanfre.html
102.09.24 09:32 B D:\web site 2\katmandu\designators\langer.html --> infoshare1.princeton.edu /home/httpd/html/katmandu/katmandu2/designators langer.html
102.09.24 09:32 B D:\web site 2\katmandu\designators\langre.html --> infoshare1.princeton.edu /home/httpd/html/katmandu/katmandu2/designators langre.html
102.09.24 09:33 B D:\web site 2\katmandu\designators\lanheb.html --> infoshare1.princeton.edu /home/httpd/html/katmandu/katmandu2/designators lanheb.html
102.09.24 09:33 B D:\web site 2\katmandu\designators\lanhun.html --> infoshare1.princeton.edu /home/httpd/html/katmandu/katmandu2/designators lanhun.html
102.09.24 09:33 B D:\web site 2\katmandu\designators\lanind.html --> infoshare1.princeton.edu /home/httpd/html/katmandu/katmandu2/designators lanind.html
102.09.24 09:33 B D:\web site 2\katmandu\designators\laniri.html --> infoshare1.princeton.edu /home/httpd/html/katmandu/katmandu2/designators laniri.html
102.09.24 09:33 B D:\web site 2\katmandu\designators\lanita.html --> infoshare1.princeton.edu /home/httpd/html/katmandu/katmandu2/designators lanita.html
102.09.24 09:33 B D:\web site 2\katmandu\designators\lankir.html --> infoshare1.princeton.edu /home/httpd/html/katmandu/katmandu2/designators lankir.html
102.09.24 09:33 B D:\web site 2\katmandu\designators\lanlat.html --> infoshare1.princeton.edu /home/httpd/html/katmandu/katmandu2/designators lanlat.html
102.09.24 09:33 B D:\web site 2\katmandu\designators\lanlit.html --> infoshare1.princeton.edu /home/httpd/html/katmandu/katmandu2/designators lanlit.html
102.09.24 09:33 B D:\web site 2\katmandu\designators\lanlvr.html --> infoshare1.princeton.edu /home/httpd/html/katmandu/katmandu2/designators lanlvr.html
102.09.24 09:33 B D:\web site 2\katmandu\designators\lanmal.html --> infoshare1.princeton.edu /home/httpd/html/katmandu/katmandu2/designators lanmal.html
102.09.24 09:33 B D:\web site 2\katmandu\designators\lannor.html --> infoshare1.princeton.edu /home/httpd/html/katmandu/katmandu2/designators lannor.html
102.09.24 09:33 B D:\web site 2\katmandu\designators\lanper.html --> infoshare1.princeton.edu /home/httpd/html/katmandu/katmandu2/designators lanper.html
102.09.24 09:33 B D:\web site 2\katmandu\designators\lanpol.html --> infoshare1.princeton.edu /home/httpd/html/katmandu/katmandu2/designators lanpol.html
102.09.24 09:33 B D:\web site 2\katmandu\designators\lanpor.html --> infoshare1.princeton.edu /home/httpd/html/katmandu/katmandu2/designators lanpor.html
102.09.24 09:33 B D:\web site 2\katmandu\designators\lanque.html --> infoshare1.princeton.edu /home/httpd/html/katmandu/katmandu2/designators lanque.html
102.09.24 09:33 B D:\web site 2\katmandu\designators\lanrom.html --> infoshare1.princeton.edu /home/httpd/html/katmandu/katmandu2/designators lanrom.html
102.09.24 09:33 B D:\web site 2\katmandu\designators\lanrus.html --> infoshare1.princeton.edu /home/httpd/html/katmandu/katmandu2/designators lanrus.html
102.09.24 09:33 B D:\web site 2\katmandu\designators\lanscr.html --> infoshare1.princeton.edu /home/httpd/html/katmandu/katmandu2/designators lanscr.html
102.09.24 09:33 B D:\web site 2\katmandu\designators\lanslo.html --> infoshare1.princeton.edu /home/httpd/html/katmandu/katmandu2/designators lanslo.html
102.09.24 09:33 B D:\web site 2\katmandu\designators\lanslv.html --> infoshare1.princeton.edu /home/httpd/html/katmandu/katmandu2/designators lanslv.html
102.09.24 09:33 B D:\web site 2\katmandu\designators\lanspa.html --> infoshare1.princeton.edu /home/httpd/html/katmandu/katmandu2/designators lanspa.html
102.09.24 09:33 B D:\web site 2\katmandu\designators\lanswe.html --> infoshare1.princeton.edu /home/httpd/html/katmandu/katmandu2/designators lanswe.html
102.09.24 09:33 B D:\web site 2\katmandu\designators\lanthi.html --> infoshare1.princeton.edu /home/httpd/html/katmandu/katmandu2/designators lanthi.html
102.09.24 09:33 B D:\web site 2\katmandu\designators\lantur.html --> infoshare1.princeton.edu /home/httpd/html/katmandu/katmandu2/designators lantur.html
102.09.24 09:33 B D:\web site 2\katmandu\designators\lanukr.html --> infoshare1.princeton.edu /home/httpd/html/katmandu/katmandu2/designators lanukr.html
102.09.24 09:33 B D:\web site 2\katmandu\designators\lanuzb.html --> infoshare1.princeton.edu /home/httpd/html/katmandu/katmandu2/designators lanuzb.html
102.09.24 09:33 B D:\web site 2\katmandu\designators\lanyid.html --> infoshare1.princeton.edu /home/httpd/html/katmandu/katmandu2/designators lanyid.html
102.09.24 09:33 B D:\web site 2\katmandu\designators\vernalph.html --> infoshare1.princeton.edu /home/httpd/html/katmandu/katmandu2/designators vernalph.html
102.09.24 09:33 B D:\web site 2\katmandu\designators\verntoc.html --> infoshare1.princeton.edu /home/httpd/html/katmandu/katmandu2/designators verntoc.html
102.09.24 09:33 B D:\web site 2\katmandu\designators\vernvol.html --> infoshare1.princeton.edu /home/httpd/html/katmandu/katmandu2/designators vernvol.html
102.09.24 10:23 B D:\web site 2\katmandu\designators\alphaa.html --> infoshare1.princeton.edu /home/httpd/html/katmandu/designators alphaa.html
102.09.24 10:23 B D:\web site 2\katmandu\designators\alphab.html --> infoshare1.princeton.edu /home/httpd/html/katmandu/designators alphab.html
102.09.24 10:23 B D:\web site 2\katmandu\designators\alphac.html --> infoshare1.princeton.edu /home/httpd/html/katmandu/designators alphac.html
102.09.24 10:23 B D:\web site 2\katmandu\designators\alphad.html --> infoshare1.princeton.edu /home/httpd/html/katmandu/designators alphad.html
102.09.24 10:23 B D:\web site 2\katmandu\designators\alphae.html --> infoshare1.princeton.edu /home/httpd/html/katmandu/designators alphae.html
102.09.24 10:23 B D:\web site 2\katmandu\designators\alphaf.html --> infoshare1.princeton.edu /home/httpd/html/katmandu/designators alphaf.html
102.09.24 10:23 B D:\web site 2\katmandu\designators\alphag.html --> infoshare1.princeton.edu /home/httpd/html/katmandu/designators alphag.html
102.09.24 10:23 B D:\web site 2\katmandu\designators\alphah.html --> infoshare1.princeton.edu /home/httpd/html/katmandu/designators alphah.html
102.09.24 10:23 B D:\web site 2\katmandu\designators\alphai.html --> infoshare1.princeton.edu /home/httpd/html/katmandu/designators alphai.html
102.09.24 10:23 B D:\web site 2\katmandu\designators\alphaj.html --> infoshare1.princeton.edu /home/httpd/html/katmandu/designators alphaj.html
102.09.24 10:23 B D:\web site 2\katmandu\designators\alphak.html --> infoshare1.princeton.edu /home/httpd/html/katmandu/designators alphak.html
102.09.24 10:23 B D:\web site 2\katmandu\designators\alphal.html --> infoshare1.princeton.edu /home/httpd/html/katmandu/designators alphal.html
102.09.24 10:23 B D:\web site 2\katmandu\designators\alpham.html --> infoshare1.princeton.edu /home/httpd/html/katmandu/designators alpham.html
102.09.24 10:23 B D:\web site 2\katmandu\designators\alphan.html --> infoshare1.princeton.edu /home/httpd/html/katmandu/designators alphan.html
102.09.24 10:23 B D:\web site 2\katmandu\designators\alphao.html --> infoshare1.princeton.edu /home/httpd/html/katmandu/designators alphao.html
102.09.24 10:23 B D:\web site 2\katmandu\designators\alphap.html --> infoshare1.princeton.edu /home/httpd/html/katmandu/designators alphap.html
102.09.24 10:23 B D:\web site 2\katmandu\designators\alphaq.html --> infoshare1.princeton.edu /home/httpd/html/katmandu/designators alphaq.html
102.09.24 10:23 B D:\web site 2\katmandu\designators\alphar.html --> infoshare1.princeton.edu /home/httpd/html/katmandu/designators alphar.html
102.09.24 10:23 B D:\web site 2\katmandu\designators\alphas.html --> infoshare1.princeton.edu /home/httpd/html/katmandu/designators alphas.html
102.09.24 10:23 B D:\web site 2\katmandu\designators\alphat.html --> infoshare1.princeton.edu /home/httpd/html/katmandu/designators alphat.html
102.09.24 10:23 B D:\web site 2\katmandu\designators\alphau.html --> infoshare1.princeton.edu /home/httpd/html/katmandu/designators alphau.html
102.09.24 10:23 B D:\web site 2\katmandu\designators\alphav.html --> infoshare1.princeton.edu /home/httpd/html/katmandu/designators alphav.html
102.09.24 10:23 B D:\web site 2\katmandu\designators\alphay.html --> infoshare1.princeton.edu /home/httpd/html/katmandu/designators alphay.html
102.09.24 10:23 B D:\web site 2\katmandu\designators\alphaz.html --> infoshare1.princeton.edu /home/httpd/html/katmandu/designators alphaz.html
102.09.24 10:23 B D:\web site 2\katmandu\designators\vernalph.html --> infoshare1.princeton.edu /home/httpd/html/katmandu/designators vernalph.html
102.09.24 10:23 B D:\web site 2\katmandu\designators\verntoc.html --> infoshare1.princeton.edu /home/httpd/html/katmandu/designators verntoc.html
102.09.24 10:23 B D:\web site 2\katmandu\designators\vernvol.html --> infoshare1.princeton.edu /home/httpd/html/katmandu/designators vernvol.html
